{"/home/travis/build/npmtest/node-npmtest-meteor-jsdoc/test.js":{"path":"/home/travis/build/npmtest/node-npmtest-meteor-jsdoc/test.js","s":{"1":2,"2":2,"3":2,"4":2,"5":2,"6":2,"7":2,"8":1,"9":2,"10":2,"11":1,"12":1,"13":1,"14":1,"15":2,"16":2,"17":2,"18":2,"19":1,"20":1,"21":2,"22":2,"23":2,"24":1,"25":1,"26":1,"27":1,"28":1,"29":1,"30":1,"31":1,"32":1,"33":1,"34":1,"35":1,"36":1,"37":2,"38":2,"39":1,"40":2,"41":2,"42":1,"43":2,"44":2,"45":1,"46":2,"47":2,"48":1,"49":1,"50":1,"51":1,"52":1},"b":{"1":[2,1,1,1],"2":[1,1,1,1],"3":[1,1],"4":[1,1],"5":[1,1],"6":[1,1],"7":[1,1],"8":[1,1],"9":[1,1,1],"10":[1,1],"11":[1,1],"12":[1,1],"13":[1,1],"14":[1,1],"15":[1,1],"16":[1,1]},"f":{"1":2,"2":2,"3":2,"4":2,"5":2,"6":1,"7":1,"8":2,"9":2,"10":2,"11":2,"12":1},"fnMap":{"1":{"name":"(anonymous_1)","line":12,"loc":{"start":{"line":12,"column":1},"end":{"line":12,"column":13}}},"2":{"name":"(anonymous_2)","line":19,"loc":{"start":{"line":19,"column":5},"end":{"line":19,"column":17}}},"3":{"name":"(anonymous_3)","line":23,"loc":{"start":{"line":23,"column":24},"end":{"line":23,"column":36}}},"4":{"name":"(anonymous_4)","line":61,"loc":{"start":{"line":61,"column":5},"end":{"line":61,"column":17}}},"5":{"name":"(anonymous_5)","line":82,"loc":{"start":{"line":82,"column":5},"end":{"line":82,"column":17}}},"6":{"name":"(anonymous_6)","line":102,"loc":{"start":{"line":102,"column":83},"end":{"line":105,"column":10}},"skip":true},"7":{"name":"(anonymous_7)","line":113,"loc":{"start":{"line":113,"column":77},"end":{"line":116,"column":10}},"skip":true},"8":{"name":"(anonymous_8)","line":129,"loc":{"start":{"line":129,"column":12},"end":{"line":129,"column":40}},"skip":true},"9":{"name":"(anonymous_9)","line":137,"loc":{"start":{"line":137,"column":77},"end":{"line":140,"column":10}},"skip":true},"10":{"name":"(anonymous_10)","line":148,"loc":{"start":{"line":148,"column":83},"end":{"line":151,"column":10}},"skip":true},"11":{"name":"(anonymous_11)","line":159,"loc":{"start":{"line":159,"column":79},"end":{"line":162,"column":10}},"skip":true},"12":{"name":"(anonymous_12)","line":170,"loc":{"start":{"line":170,"column":75},"end":{"line":173,"column":10}},"skip":true}},"statementMap":{"1":{"start":{"line":12,"column":0},"end":{"line":185,"column":5}},"2":{"start":{"line":14,"column":4},"end":{"line":14,"column":14}},"3":{"start":{"line":19,"column":4},"end":{"line":56,"column":9}},"4":{"start":{"line":21,"column":8},"end":{"line":21,"column":19}},"5":{"start":{"line":23,"column":8},"end":{"line":35,"column":13}},"6":{"start":{"line":24,"column":12},"end":{"line":34,"column":13}},"7":{"start":{"line":25,"column":16},"end":{"line":28,"column":30}},"8":{"start":{"line":30,"column":16},"end":{"line":33,"column":27}},"9":{"start":{"line":37,"column":8},"end":{"line":39,"column":21}},"10":{"start":{"line":40,"column":8},"end":{"line":53,"column":9}},"11":{"start":{"line":43,"column":12},"end":{"line":46,"column":14}},"12":{"start":{"line":47,"column":12},"end":{"line":47,"column":18}},"13":{"start":{"line":50,"column":12},"end":{"line":51,"column":46}},"14":{"start":{"line":52,"column":12},"end":{"line":52,"column":18}},"15":{"start":{"line":55,"column":8},"end":{"line":55,"column":35}},"16":{"start":{"line":61,"column":4},"end":{"line":63,"column":9}},"17":{"start":{"line":62,"column":8},"end":{"line":62,"column":15}},"18":{"start":{"line":64,"column":4},"end":{"line":77,"column":5}},"19":{"start":{"line":70,"column":8},"end":{"line":70,"column":14}},"20":{"start":{"line":76,"column":8},"end":{"line":76,"column":14}},"21":{"start":{"line":82,"column":4},"end":{"line":84,"column":9}},"22":{"start":{"line":83,"column":8},"end":{"line":83,"column":15}},"23":{"start":{"line":85,"column":4},"end":{"line":184,"column":5}},"24":{"start":{"line":92,"column":8},"end":{"line":94,"column":63}},"25":{"start":{"line":95,"column":8},"end":{"line":95,"column":14}},"26":{"start":{"line":102,"column":8},"end":{"line":111,"column":10},"skip":true},"27":{"start":{"line":109,"column":12},"end":{"line":109,"column":55},"skip":true},"28":{"start":{"line":110,"column":12},"end":{"line":110,"column":48},"skip":true},"29":{"start":{"line":113,"column":8},"end":{"line":126,"column":10},"skip":true},"30":{"start":{"line":120,"column":12},"end":{"line":120,"column":76},"skip":true},"31":{"start":{"line":121,"column":12},"end":{"line":121,"column":73},"skip":true},"32":{"start":{"line":122,"column":12},"end":{"line":122,"column":74},"skip":true},"33":{"start":{"line":123,"column":12},"end":{"line":123,"column":79},"skip":true},"34":{"start":{"line":124,"column":12},"end":{"line":124,"column":25},"skip":true},"35":{"start":{"line":125,"column":12},"end":{"line":125,"column":45},"skip":true},"36":{"start":{"line":128,"column":8},"end":{"line":135,"column":14},"skip":true},"37":{"start":{"line":133,"column":16},"end":{"line":133,"column":29},"skip":true},"38":{"start":{"line":134,"column":16},"end":{"line":134,"column":55},"skip":true},"39":{"start":{"line":137,"column":8},"end":{"line":146,"column":10},"skip":true},"40":{"start":{"line":144,"column":12},"end":{"line":144,"column":25},"skip":true},"41":{"start":{"line":145,"column":12},"end":{"line":145,"column":45},"skip":true},"42":{"start":{"line":148,"column":8},"end":{"line":157,"column":10},"skip":true},"43":{"start":{"line":155,"column":12},"end":{"line":155,"column":25},"skip":true},"44":{"start":{"line":156,"column":12},"end":{"line":156,"column":48},"skip":true},"45":{"start":{"line":159,"column":8},"end":{"line":168,"column":10},"skip":true},"46":{"start":{"line":166,"column":12},"end":{"line":166,"column":25},"skip":true},"47":{"start":{"line":167,"column":12},"end":{"line":167,"column":46},"skip":true},"48":{"start":{"line":170,"column":8},"end":{"line":179,"column":10},"skip":true},"49":{"start":{"line":177,"column":12},"end":{"line":177,"column":94},"skip":true},"50":{"start":{"line":178,"column":12},"end":{"line":178,"column":48},"skip":true},"51":{"start":{"line":182,"column":8},"end":{"line":182,"column":35},"skip":true},"52":{"start":{"line":183,"column":8},"end":{"line":183,"column":14},"skip":true}},"branchMap":{"1":{"line":25,"type":"binary-expr","locations":[{"start":{"line":25,"column":23},"end":{"line":25,"column":62}},{"start":{"line":26,"column":20},"end":{"line":26,"column":70}},{"start":{"line":27,"column":20},"end":{"line":27,"column":71}},{"start":{"line":28,"column":20},"end":{"line":28,"column":29}}]},"2":{"line":30,"type":"binary-expr","locations":[{"start":{"line":30,"column":23},"end":{"line":30,"column":37}},{"start":{"line":31,"column":20},"end":{"line":31,"column":61}},{"start":{"line":32,"column":20},"end":{"line":32,"column":70}},{"start":{"line":33,"column":20},"end":{"line":33,"column":26}}]},"3":{"line":37,"type":"cond-expr","locations":[{"start":{"line":38,"column":14},"end":{"line":38,"column":20}},{"start":{"line":39,"column":14},"end":{"line":39,"column":20}}]},"4":{"line":40,"type":"switch","locations":[{"start":{"line":42,"column":8},"end":{"line":47,"column":18}},{"start":{"line":49,"column":8},"end":{"line":52,"column":18}}]},"5":{"line":44,"type":"binary-expr","locations":[{"start":{"line":44,"column":16},"end":{"line":44,"column":44}},{"start":{"line":44,"column":48},"end":{"line":44,"column":66}}]},"6":{"line":50,"type":"binary-expr","locations":[{"start":{"line":50,"column":21},"end":{"line":50,"column":49}},{"start":{"line":50,"column":53},"end":{"line":50,"column":72}}]},"7":{"line":64,"type":"switch","locations":[{"start":{"line":69,"column":4},"end":{"line":70,"column":14}},{"start":{"line":75,"column":4},"end":{"line":76,"column":14}}]},"8":{"line":85,"type":"switch","locations":[{"start":{"line":90,"column":4},"end":{"line":95,"column":14}},{"start":{"line":101,"column":4},"end":{"line":183,"column":14},"skip":true}]},"9":{"line":92,"type":"binary-expr","locations":[{"start":{"line":92,"column":18},"end":{"line":92,"column":32}},{"start":{"line":93,"column":12},"end":{"line":93,"column":53}},{"start":{"line":94,"column":12},"end":{"line":94,"column":61}}]},"10":{"line":102,"type":"binary-expr","locations":[{"start":{"line":102,"column":45},"end":{"line":102,"column":79},"skip":true},{"start":{"line":102,"column":83},"end":{"line":111,"column":9},"skip":true}]},"11":{"line":113,"type":"binary-expr","locations":[{"start":{"line":113,"column":42},"end":{"line":113,"column":73},"skip":true},{"start":{"line":113,"column":77},"end":{"line":126,"column":9},"skip":true}]},"12":{"line":128,"type":"binary-expr","locations":[{"start":{"line":128,"column":48},"end":{"line":128,"column":85},"skip":true},{"start":{"line":129,"column":12},"end":{"line":135,"column":13},"skip":true}]},"13":{"line":137,"type":"binary-expr","locations":[{"start":{"line":137,"column":42},"end":{"line":137,"column":73},"skip":true},{"start":{"line":137,"column":77},"end":{"line":146,"column":9},"skip":true}]},"14":{"line":148,"type":"binary-expr","locations":[{"start":{"line":148,"column":45},"end":{"line":148,"column":79},"skip":true},{"start":{"line":148,"column":83},"end":{"line":157,"column":9},"skip":true}]},"15":{"line":159,"type":"binary-expr","locations":[{"start":{"line":159,"column":43},"end":{"line":159,"column":75},"skip":true},{"start":{"line":159,"column":79},"end":{"line":168,"column":9},"skip":true}]},"16":{"line":170,"type":"binary-expr","locations":[{"start":{"line":170,"column":41},"end":{"line":170,"column":71},"skip":true},{"start":{"line":170,"column":75},"end":{"line":179,"column":9},"skip":true}]}},"code":["/* istanbul instrument in package npmtest_meteor_jsdoc */","/*jslint","    bitwise: true,","    browser: true,","    maxerr: 8,","    maxlen: 96,","    node: true,","    nomen: true,","    regexp: true,","    stupid: true","*/","(function () {","    'use strict';","    var local;","","","","    // run shared js-env code - pre-init","    (function () {","        // init local","        local = {};","        // init modeJs","        local.modeJs = (function () {","            try {","                return typeof navigator.userAgent === 'string' &&","                    typeof document.querySelector('body') === 'object' &&","                    typeof XMLHttpRequest.prototype.open === 'function' &&","                    'browser';","            } catch (errorCaughtBrowser) {","                return module.exports &&","                    typeof process.versions.node === 'string' &&","                    typeof require('http').createServer === 'function' &&","                    'node';","            }","        }());","        // init global","        local.global = local.modeJs === 'browser'","            ? window","            : global;","        switch (local.modeJs) {","        // re-init local from window.local","        case 'browser':","            local = local.global.utility2.objectSetDefault(","                local.global.utility2_rollup || local.global.local,","                local.global.utility2","            );","            break;","        // re-init local from example.js","        case 'node':","            local = (local.global.utility2_rollup || require('utility2'))","                .requireExampleJsFromReadme();","            break;","        }","        // export local","        local.global.local = local;","    }());","","","","    // run shared js-env code - function","    (function () {","        return;","    }());","    switch (local.modeJs) {","","","","    // run browser js-env code - function","    case 'browser':","        break;","","","","    // run node js-env code - function","    case 'node':","        break;","    }","","","","    // run shared js-env code - post-init","    (function () {","        return;","    }());","    switch (local.modeJs) {","","","","    // run browser js-env code - post-init","    case 'browser':","        // run tests","        local.nop(local.modeTest &&","            document.querySelector('#testRunButton1') &&","            document.querySelector('#testRunButton1').click());","        break;","","","","    // run node js-env code - post-init","    /* istanbul ignore next */","    case 'node':","        local.testCase_buildApidoc_default = local.testCase_buildApidoc_default || function (","            options,","            onError","        ) {","        /*","         * this function will test buildApidoc's default handling-behavior-behavior","         */","            options = { modulePathList: module.paths };","            local.buildApidoc(options, onError);","        };","","        local.testCase_buildApp_default = local.testCase_buildApp_default || function (","            options,","            onError","        ) {","        /*","         * this function will test buildApp's default handling-behavior-behavior","         */","            local.testCase_buildReadme_default(options, local.onErrorThrow);","            local.testCase_buildLib_default(options, local.onErrorThrow);","            local.testCase_buildTest_default(options, local.onErrorThrow);","            local.testCase_buildCustomOrg_default(options, local.onErrorThrow);","            options = [];","            local.buildApp(options, onError);","        };","","        local.testCase_buildCustomOrg_default = local.testCase_buildCustomOrg_default ||","            function (options, onError) {","            /*","             * this function will test buildCustomOrg's default handling-behavior","             */","                options = {};","                local.buildCustomOrg(options, onError);","            };","","        local.testCase_buildLib_default = local.testCase_buildLib_default || function (","            options,","            onError","        ) {","        /*","         * this function will test buildLib's default handling-behavior","         */","            options = {};","            local.buildLib(options, onError);","        };","","        local.testCase_buildReadme_default = local.testCase_buildReadme_default || function (","            options,","            onError","        ) {","        /*","         * this function will test buildReadme's default handling-behavior-behavior","         */","            options = {};","            local.buildReadme(options, onError);","        };","","        local.testCase_buildTest_default = local.testCase_buildTest_default || function (","            options,","            onError","        ) {","        /*","         * this function will test buildTest's default handling-behavior","         */","            options = {};","            local.buildTest(options, onError);","        };","","        local.testCase_webpage_default = local.testCase_webpage_default || function (","            options,","            onError","        ) {","        /*","         * this function will test webpage's default handling-behavior","         */","            options = { modeCoverageMerge: true, url: local.serverLocalHost + '?modeTest=1' };","            local.browserTest(options, onError);","        };","","        // run test-server","        local.testRunServer(local);","        break;","    }","}());",""],"l":{"12":2,"14":2,"19":2,"21":2,"23":2,"24":2,"25":2,"30":1,"37":2,"40":2,"43":1,"47":1,"50":1,"52":1,"55":2,"61":2,"62":2,"64":2,"70":1,"76":1,"82":2,"83":2,"85":2,"92":1,"95":1,"102":1,"109":1,"110":1,"113":1,"120":1,"121":1,"122":1,"123":1,"124":1,"125":1,"128":1,"133":2,"134":2,"137":1,"144":2,"145":2,"148":1,"155":2,"156":2,"159":1,"166":2,"167":2,"170":1,"177":1,"178":1,"182":1,"183":1}},"/home/travis/build/npmtest/node-npmtest-meteor-jsdoc/lib.npmtest_meteor_jsdoc.js":{"path":"/home/travis/build/npmtest/node-npmtest-meteor-jsdoc/lib.npmtest_meteor_jsdoc.js","s":{"1":2,"2":2,"3":2,"4":2,"5":2,"6":2,"7":2,"8":1,"9":2,"10":2,"11":2,"12":2,"13":1,"14":1,"15":1,"16":1},"b":{"1":[2,1,1,1],"2":[1,1,1,1],"3":[1,1],"4":[2,2],"5":[1,1]},"f":{"1":2,"2":2,"3":2},"fnMap":{"1":{"name":"(anonymous_1)","line":12,"loc":{"start":{"line":12,"column":1},"end":{"line":12,"column":13}}},"2":{"name":"(anonymous_2)","line":19,"loc":{"start":{"line":19,"column":5},"end":{"line":19,"column":17}}},"3":{"name":"(anonymous_3)","line":23,"loc":{"start":{"line":23,"column":24},"end":{"line":23,"column":36}}}},"statementMap":{"1":{"start":{"line":12,"column":0},"end":{"line":53,"column":5}},"2":{"start":{"line":14,"column":4},"end":{"line":14,"column":14}},"3":{"start":{"line":19,"column":4},"end":{"line":52,"column":9}},"4":{"start":{"line":21,"column":8},"end":{"line":21,"column":19}},"5":{"start":{"line":23,"column":8},"end":{"line":35,"column":13}},"6":{"start":{"line":24,"column":12},"end":{"line":34,"column":13}},"7":{"start":{"line":25,"column":16},"end":{"line":28,"column":30}},"8":{"start":{"line":30,"column":16},"end":{"line":33,"column":27}},"9":{"start":{"line":37,"column":8},"end":{"line":39,"column":21}},"10":{"start":{"line":41,"column":8},"end":{"line":41,"column":54}},"11":{"start":{"line":43,"column":8},"end":{"line":43,"column":57}},"12":{"start":{"line":45,"column":8},"end":{"line":51,"column":9}},"13":{"start":{"line":46,"column":12},"end":{"line":46,"column":63}},"14":{"start":{"line":48,"column":12},"end":{"line":48,"column":35}},"15":{"start":{"line":49,"column":12},"end":{"line":49,"column":49}},"16":{"start":{"line":50,"column":12},"end":{"line":50,"column":43}}},"branchMap":{"1":{"line":25,"type":"binary-expr","locations":[{"start":{"line":25,"column":23},"end":{"line":25,"column":62}},{"start":{"line":26,"column":20},"end":{"line":26,"column":70}},{"start":{"line":27,"column":20},"end":{"line":27,"column":71}},{"start":{"line":28,"column":20},"end":{"line":28,"column":29}}]},"2":{"line":30,"type":"binary-expr","locations":[{"start":{"line":30,"column":23},"end":{"line":30,"column":37}},{"start":{"line":31,"column":20},"end":{"line":31,"column":61}},{"start":{"line":32,"column":20},"end":{"line":32,"column":70}},{"start":{"line":33,"column":20},"end":{"line":33,"column":26}}]},"3":{"line":37,"type":"cond-expr","locations":[{"start":{"line":38,"column":14},"end":{"line":38,"column":20}},{"start":{"line":39,"column":14},"end":{"line":39,"column":20}}]},"4":{"line":41,"type":"binary-expr","locations":[{"start":{"line":41,"column":16},"end":{"line":41,"column":44}},{"start":{"line":41,"column":48},"end":{"line":41,"column":53}}]},"5":{"line":45,"type":"if","locations":[{"start":{"line":45,"column":8},"end":{"line":45,"column":8}},{"start":{"line":45,"column":8},"end":{"line":45,"column":8}}]}},"code":["/* istanbul instrument in package npmtest_meteor_jsdoc */","/*jslint","    bitwise: true,","    browser: true,","    maxerr: 8,","    maxlen: 96,","    node: true,","    nomen: true,","    regexp: true,","    stupid: true","*/","(function () {","    'use strict';","    var local;","","","","    // run shared js-env code - pre-init","    (function () {","        // init local","        local = {};","        // init modeJs","        local.modeJs = (function () {","            try {","                return typeof navigator.userAgent === 'string' &&","                    typeof document.querySelector('body') === 'object' &&","                    typeof XMLHttpRequest.prototype.open === 'function' &&","                    'browser';","            } catch (errorCaughtBrowser) {","                return module.exports &&","                    typeof process.versions.node === 'string' &&","                    typeof require('http').createServer === 'function' &&","                    'node';","            }","        }());","        // init global","        local.global = local.modeJs === 'browser'","            ? window","            : global;","        // init utility2_rollup","        local = local.global.utility2_rollup || local;","        // init lib","        local.local = local.npmtest_meteor_jsdoc = local;","        // init exports","        if (local.modeJs === 'browser') {","            local.global.utility2_npmtest_meteor_jsdoc = local;","        } else {","            module.exports = local;","            module.exports.__dirname = __dirname;","            module.exports.module = module;","        }","    }());","}());",""],"l":{"12":2,"14":2,"19":2,"21":2,"23":2,"24":2,"25":2,"30":1,"37":2,"41":2,"43":2,"45":2,"46":1,"48":1,"49":1,"50":1}},"/home/travis/build/npmtest/node-npmtest-meteor-jsdoc/example.js":{"path":"/home/travis/build/npmtest/node-npmtest-meteor-jsdoc/example.js","s":{"1":2,"2":2,"3":2,"4":2,"5":2,"6":2,"7":2,"8":1,"9":2,"10":2,"11":2,"12":2,"13":1,"14":2,"15":2,"16":2,"17":2,"18":2,"19":0,"20":2,"21":1,"22":1,"23":1,"24":1,"25":1,"26":0,"27":0,"28":1,"29":1,"30":2,"31":0,"32":0,"33":0,"34":1,"35":2,"36":2,"37":2,"38":2,"39":2,"40":2,"41":0,"42":2,"43":2,"44":2,"45":1,"46":3,"47":1,"48":1,"49":1,"50":1,"51":1,"52":1,"53":1,"54":1,"55":1,"56":1,"57":0,"58":1,"59":6,"60":6,"61":1,"62":2,"63":0,"64":2,"65":1,"66":1,"67":0,"68":0,"69":0,"70":0,"71":0,"72":0,"73":0,"74":0,"75":0,"76":0,"77":0,"78":0,"79":0,"80":0,"81":0,"82":0,"83":0},"b":{"1":[2,1,1,1],"2":[1,1,1,1],"3":[1,1],"4":[2,2],"5":[1,1],"6":[1,1],"7":[2,0],"8":[2,1,1,1,1,1],"9":[0,2,0],"10":[1,1],"11":[2,1,1],"12":[1,0],"13":[0,2],"14":[2,0,0,0,0,0,0],"15":[0,2],"16":[2,0],"17":[1,1],"18":[0,1],"19":[1,2,0,2],"20":[1,0],"21":[1,1],"22":[0,0],"23":[0,0],"24":[0,0],"25":[0,0],"26":[0,0],"27":[0,0],"28":[0,0]},"f":{"1":2,"2":2,"3":2,"4":2,"5":2,"6":2,"7":2,"8":2,"9":3,"10":1,"11":6,"12":0},"fnMap":{"1":{"name":"(anonymous_1)","line":26,"loc":{"start":{"line":26,"column":1},"end":{"line":26,"column":13}}},"2":{"name":"(anonymous_2)","line":33,"loc":{"start":{"line":33,"column":5},"end":{"line":33,"column":17}}},"3":{"name":"(anonymous_3)","line":37,"loc":{"start":{"line":37,"column":24},"end":{"line":37,"column":36}}},"4":{"name":"(anonymous_4)","line":69,"loc":{"start":{"line":69,"column":31},"end":{"line":69,"column":48}},"skip":true},"5":{"name":"(anonymous_5)","line":78,"loc":{"start":{"line":78,"column":26},"end":{"line":78,"column":45}},"skip":true},"6":{"name":"(anonymous_6)","line":123,"loc":{"start":{"line":123,"column":33},"end":{"line":123,"column":48}},"skip":true},"7":{"name":"(anonymous_7)","line":125,"loc":{"start":{"line":125,"column":27},"end":{"line":125,"column":39}},"skip":true},"8":{"name":"(anonymous_8)","line":133,"loc":{"start":{"line":133,"column":59},"end":{"line":133,"column":74}},"skip":true},"9":{"name":"(anonymous_9)","line":143,"loc":{"start":{"line":143,"column":45},"end":{"line":143,"column":62}},"skip":true},"10":{"name":"(anonymous_10)","line":144,"loc":{"start":{"line":144,"column":73},"end":{"line":144,"column":92}},"skip":true},"11":{"name":"(anonymous_11)","line":272,"loc":{"start":{"line":272,"column":51},"end":{"line":272,"column":77}},"skip":true},"12":{"name":"(anonymous_12)","line":314,"loc":{"start":{"line":314,"column":32},"end":{"line":314,"column":61}},"skip":true}},"statementMap":{"1":{"start":{"line":26,"column":0},"end":{"line":325,"column":5}},"2":{"start":{"line":28,"column":4},"end":{"line":28,"column":14}},"3":{"start":{"line":33,"column":4},"end":{"line":60,"column":9}},"4":{"start":{"line":35,"column":8},"end":{"line":35,"column":19}},"5":{"start":{"line":37,"column":8},"end":{"line":49,"column":13}},"6":{"start":{"line":38,"column":12},"end":{"line":48,"column":13}},"7":{"start":{"line":39,"column":16},"end":{"line":42,"column":30}},"8":{"start":{"line":44,"column":16},"end":{"line":47,"column":27}},"9":{"start":{"line":51,"column":8},"end":{"line":53,"column":21}},"10":{"start":{"line":55,"column":8},"end":{"line":57,"column":45}},"11":{"start":{"line":59,"column":8},"end":{"line":59,"column":35}},"12":{"start":{"line":61,"column":4},"end":{"line":324,"column":5}},"13":{"start":{"line":69,"column":8},"end":{"line":121,"column":10},"skip":true},"14":{"start":{"line":70,"column":12},"end":{"line":88,"column":13},"skip":true},"15":{"start":{"line":76,"column":16},"end":{"line":87,"column":19},"skip":true},"16":{"start":{"line":79,"column":20},"end":{"line":86,"column":21},"skip":true},"17":{"start":{"line":82,"column":24},"end":{"line":82,"column":43},"skip":true},"18":{"start":{"line":83,"column":24},"end":{"line":83,"column":30},"skip":true},"19":{"start":{"line":85,"column":24},"end":{"line":85,"column":49},"skip":true},"20":{"start":{"line":89,"column":12},"end":{"line":107,"column":13},"skip":true},"21":{"start":{"line":92,"column":16},"end":{"line":102,"column":17},"skip":true},"22":{"start":{"line":93,"column":20},"end":{"line":93,"column":86},"skip":true},"23":{"start":{"line":94,"column":20},"end":{"line":95,"column":45},"skip":true},"24":{"start":{"line":96,"column":20},"end":{"line":96,"column":42},"skip":true},"25":{"start":{"line":97,"column":20},"end":{"line":97,"column":48},"skip":true},"26":{"start":{"line":100,"column":20},"end":{"line":100,"column":85},"skip":true},"27":{"start":{"line":101,"column":20},"end":{"line":101,"column":96},"skip":true},"28":{"start":{"line":103,"column":16},"end":{"line":103,"column":22},"skip":true},"29":{"start":{"line":106,"column":16},"end":{"line":106,"column":22},"skip":true},"30":{"start":{"line":108,"column":12},"end":{"line":120,"column":13},"skip":true},"31":{"start":{"line":114,"column":16},"end":{"line":119,"column":17},"skip":true},"32":{"start":{"line":116,"column":20},"end":{"line":116,"column":78},"skip":true},"33":{"start":{"line":118,"column":20},"end":{"line":118,"column":47},"skip":true},"34":{"start":{"line":123,"column":8},"end":{"line":141,"column":11},"skip":true},"35":{"start":{"line":124,"column":12},"end":{"line":124,"column":54},"skip":true},"36":{"start":{"line":125,"column":12},"end":{"line":140,"column":14},"skip":true},"37":{"start":{"line":126,"column":16},"end":{"line":126,"column":28},"skip":true},"38":{"start":{"line":127,"column":16},"end":{"line":127,"column":69},"skip":true},"39":{"start":{"line":128,"column":16},"end":{"line":128,"column":75},"skip":true},"40":{"start":{"line":129,"column":16},"end":{"line":131,"column":17},"skip":true},"41":{"start":{"line":130,"column":20},"end":{"line":130,"column":27},"skip":true},"42":{"start":{"line":133,"column":16},"end":{"line":137,"column":36},"skip":true},"43":{"start":{"line":134,"column":20},"end":{"line":136,"column":55},"skip":true},"44":{"start":{"line":139,"column":16},"end":{"line":139,"column":57},"skip":true},"45":{"start":{"line":143,"column":8},"end":{"line":147,"column":11},"skip":true},"46":{"start":{"line":144,"column":12},"end":{"line":146,"column":15},"skip":true},"47":{"start":{"line":145,"column":16},"end":{"line":145,"column":70},"skip":true},"48":{"start":{"line":149,"column":8},"end":{"line":149,"column":31},"skip":true},"49":{"start":{"line":150,"column":8},"end":{"line":150,"column":14},"skip":true},"50":{"start":{"line":158,"column":8},"end":{"line":158,"column":31},"skip":true},"51":{"start":{"line":160,"column":8},"end":{"line":160,"column":33},"skip":true},"52":{"start":{"line":161,"column":8},"end":{"line":161,"column":37},"skip":true},"53":{"start":{"line":162,"column":8},"end":{"line":162,"column":35},"skip":true},"54":{"start":{"line":164,"column":8},"end":{"line":164,"column":50},"skip":true},"55":{"start":{"line":166,"column":8},"end":{"line":256,"column":2},"skip":true},"56":{"start":{"line":258,"column":8},"end":{"line":286,"column":9},"skip":true},"57":{"start":{"line":259,"column":12},"end":{"line":269,"column":14},"skip":true},"58":{"start":{"line":271,"column":12},"end":{"line":285,"column":19},"skip":true},"59":{"start":{"line":274,"column":20},"end":{"line":274,"column":35},"skip":true},"60":{"start":{"line":275,"column":20},"end":{"line":284,"column":21},"skip":true},"61":{"start":{"line":277,"column":24},"end":{"line":277,"column":64},"skip":true},"62":{"start":{"line":279,"column":24},"end":{"line":279,"column":40},"skip":true},"63":{"start":{"line":281,"column":24},"end":{"line":281,"column":40},"skip":true},"64":{"start":{"line":283,"column":24},"end":{"line":283,"column":39},"skip":true},"65":{"start":{"line":288,"column":8},"end":{"line":290,"column":9},"skip":true},"66":{"start":{"line":289,"column":12},"end":{"line":289,"column":18},"skip":true},"67":{"start":{"line":291,"column":8},"end":{"line":293,"column":54},"skip":true},"68":{"start":{"line":294,"column":8},"end":{"line":301,"column":37},"skip":true},"69":{"start":{"line":302,"column":8},"end":{"line":302,"column":82},"skip":true},"70":{"start":{"line":305,"column":8},"end":{"line":307,"column":9},"skip":true},"71":{"start":{"line":306,"column":12},"end":{"line":306,"column":82},"skip":true},"72":{"start":{"line":309,"column":8},"end":{"line":311,"column":9},"skip":true},"73":{"start":{"line":310,"column":12},"end":{"line":310,"column":18},"skip":true},"74":{"start":{"line":312,"column":8},"end":{"line":312,"column":54},"skip":true},"75":{"start":{"line":313,"column":8},"end":{"line":313,"column":69},"skip":true},"76":{"start":{"line":314,"column":8},"end":{"line":322,"column":36},"skip":true},"77":{"start":{"line":315,"column":12},"end":{"line":315,"column":61},"skip":true},"78":{"start":{"line":316,"column":12},"end":{"line":319,"column":13},"skip":true},"79":{"start":{"line":317,"column":16},"end":{"line":317,"column":75},"skip":true},"80":{"start":{"line":318,"column":16},"end":{"line":318,"column":23},"skip":true},"81":{"start":{"line":320,"column":12},"end":{"line":320,"column":38},"skip":true},"82":{"start":{"line":321,"column":12},"end":{"line":321,"column":27},"skip":true},"83":{"start":{"line":323,"column":8},"end":{"line":323,"column":14},"skip":true}},"branchMap":{"1":{"line":39,"type":"binary-expr","locations":[{"start":{"line":39,"column":23},"end":{"line":39,"column":62}},{"start":{"line":40,"column":20},"end":{"line":40,"column":70}},{"start":{"line":41,"column":20},"end":{"line":41,"column":71}},{"start":{"line":42,"column":20},"end":{"line":42,"column":29}}]},"2":{"line":44,"type":"binary-expr","locations":[{"start":{"line":44,"column":23},"end":{"line":44,"column":37}},{"start":{"line":45,"column":20},"end":{"line":45,"column":61}},{"start":{"line":46,"column":20},"end":{"line":46,"column":70}},{"start":{"line":47,"column":20},"end":{"line":47,"column":26}}]},"3":{"line":51,"type":"cond-expr","locations":[{"start":{"line":52,"column":14},"end":{"line":52,"column":20}},{"start":{"line":53,"column":14},"end":{"line":53,"column":20}}]},"4":{"line":55,"type":"binary-expr","locations":[{"start":{"line":55,"column":16},"end":{"line":55,"column":44}},{"start":{"line":55,"column":49},"end":{"line":57,"column":43}}]},"5":{"line":55,"type":"cond-expr","locations":[{"start":{"line":56,"column":14},"end":{"line":56,"column":56}},{"start":{"line":57,"column":14},"end":{"line":57,"column":43}}]},"6":{"line":61,"type":"switch","locations":[{"start":{"line":68,"column":4},"end":{"line":150,"column":14},"skip":true},{"start":{"line":156,"column":4},"end":{"line":323,"column":14},"skip":true}]},"7":{"line":70,"type":"if","locations":[{"start":{"line":70,"column":12},"end":{"line":70,"column":12},"skip":true},{"start":{"line":70,"column":12},"end":{"line":70,"column":12},"skip":true}]},"8":{"line":70,"type":"binary-expr","locations":[{"start":{"line":70,"column":16},"end":{"line":70,"column":22},"skip":true},{"start":{"line":70,"column":27},"end":{"line":70,"column":32},"skip":true},{"start":{"line":71,"column":20},"end":{"line":71,"column":39},"skip":true},{"start":{"line":72,"column":20},"end":{"line":72,"column":49},"skip":true},{"start":{"line":73,"column":20},"end":{"line":73,"column":58},"skip":true},{"start":{"line":74,"column":20},"end":{"line":74,"column":69},"skip":true}]},"9":{"line":79,"type":"switch","locations":[{"start":{"line":80,"column":20},"end":{"line":80,"column":33},"skip":true},{"start":{"line":81,"column":20},"end":{"line":83,"column":30},"skip":true},{"start":{"line":84,"column":20},"end":{"line":85,"column":49},"skip":true}]},"10":{"line":89,"type":"switch","locations":[{"start":{"line":90,"column":12},"end":{"line":103,"column":22},"skip":true},{"start":{"line":105,"column":12},"end":{"line":106,"column":22},"skip":true}]},"11":{"line":89,"type":"binary-expr","locations":[{"start":{"line":89,"column":20},"end":{"line":89,"column":25},"skip":true},{"start":{"line":89,"column":29},"end":{"line":89,"column":48},"skip":true},{"start":{"line":89,"column":52},"end":{"line":89,"column":74},"skip":true}]},"12":{"line":92,"type":"if","locations":[{"start":{"line":92,"column":16},"end":{"line":92,"column":16},"skip":true},{"start":{"line":92,"column":16},"end":{"line":92,"column":16},"skip":true}]},"13":{"line":108,"type":"if","locations":[{"start":{"line":108,"column":12},"end":{"line":108,"column":12},"skip":true},{"start":{"line":108,"column":12},"end":{"line":108,"column":12},"skip":true}]},"14":{"line":108,"type":"binary-expr","locations":[{"start":{"line":108,"column":16},"end":{"line":108,"column":61},"skip":true},{"start":{"line":108,"column":66},"end":{"line":108,"column":72},"skip":true},{"start":{"line":108,"column":77},"end":{"line":108,"column":82},"skip":true},{"start":{"line":109,"column":20},"end":{"line":109,"column":39},"skip":true},{"start":{"line":110,"column":20},"end":{"line":110,"column":49},"skip":true},{"start":{"line":111,"column":20},"end":{"line":111,"column":58},"skip":true},{"start":{"line":112,"column":20},"end":{"line":112,"column":68},"skip":true}]},"15":{"line":129,"type":"if","locations":[{"start":{"line":129,"column":16},"end":{"line":129,"column":16},"skip":true},{"start":{"line":129,"column":16},"end":{"line":129,"column":16},"skip":true}]},"16":{"line":134,"type":"cond-expr","locations":[{"start":{"line":135,"column":26},"end":{"line":135,"column":29},"skip":true},{"start":{"line":136,"column":26},"end":{"line":136,"column":54},"skip":true}]},"17":{"line":164,"type":"binary-expr","locations":[{"start":{"line":164,"column":27},"end":{"line":164,"column":43},"skip":true},{"start":{"line":164,"column":47},"end":{"line":164,"column":49},"skip":true}]},"18":{"line":258,"type":"if","locations":[{"start":{"line":258,"column":8},"end":{"line":258,"column":8},"skip":true},{"start":{"line":258,"column":8},"end":{"line":258,"column":8},"skip":true}]},"19":{"line":275,"type":"switch","locations":[{"start":{"line":276,"column":20},"end":{"line":277,"column":64},"skip":true},{"start":{"line":278,"column":20},"end":{"line":279,"column":40},"skip":true},{"start":{"line":280,"column":20},"end":{"line":281,"column":40},"skip":true},{"start":{"line":282,"column":20},"end":{"line":283,"column":39},"skip":true}]},"20":{"line":288,"type":"if","locations":[{"start":{"line":288,"column":8},"end":{"line":288,"column":8},"skip":true},{"start":{"line":288,"column":8},"end":{"line":288,"column":8},"skip":true}]},"21":{"line":288,"type":"binary-expr","locations":[{"start":{"line":288,"column":12},"end":{"line":288,"column":40},"skip":true},{"start":{"line":288,"column":44},"end":{"line":288,"column":67},"skip":true}]},"22":{"line":292,"type":"binary-expr","locations":[{"start":{"line":292,"column":12},"end":{"line":292,"column":50},"skip":true},{"start":{"line":293,"column":12},"end":{"line":293,"column":53},"skip":true}]},"23":{"line":295,"type":"binary-expr","locations":[{"start":{"line":295,"column":12},"end":{"line":295,"column":70},"skip":true},{"start":{"line":296,"column":12},"end":{"line":301,"column":36},"skip":true}]},"24":{"line":302,"type":"binary-expr","locations":[{"start":{"line":302,"column":43},"end":{"line":302,"column":75},"skip":true},{"start":{"line":302,"column":79},"end":{"line":302,"column":81},"skip":true}]},"25":{"line":305,"type":"if","locations":[{"start":{"line":305,"column":8},"end":{"line":305,"column":8},"skip":true},{"start":{"line":305,"column":8},"end":{"line":305,"column":8},"skip":true}]},"26":{"line":309,"type":"if","locations":[{"start":{"line":309,"column":8},"end":{"line":309,"column":8},"skip":true},{"start":{"line":309,"column":8},"end":{"line":309,"column":8},"skip":true}]},"27":{"line":312,"type":"binary-expr","locations":[{"start":{"line":312,"column":27},"end":{"line":312,"column":43},"skip":true},{"start":{"line":312,"column":47},"end":{"line":312,"column":53},"skip":true}]},"28":{"line":316,"type":"if","locations":[{"start":{"line":316,"column":12},"end":{"line":316,"column":12},"skip":true},{"start":{"line":316,"column":12},"end":{"line":316,"column":12},"skip":true}]}},"code":["/*","example.js","","quickstart example","","instruction","    1. save this script as example.js","    2. run the shell command:","        $ npm install npmtest-meteor-jsdoc && PORT=8081 node example.js","    3. play with the browser-demo on http://127.0.0.1:8081","*/","","","","/* istanbul instrument in package npmtest_meteor_jsdoc */","/*jslint","    bitwise: true,","    browser: true,","    maxerr: 8,","    maxlen: 96,","    node: true,","    nomen: true,","    regexp: true,","    stupid: true","*/","(function () {","    'use strict';","    var local;","","","","    // run shared js-env code - pre-init","    (function () {","        // init local","        local = {};","        // init modeJs","        local.modeJs = (function () {","            try {","                return typeof navigator.userAgent === 'string' &&","                    typeof document.querySelector('body') === 'object' &&","                    typeof XMLHttpRequest.prototype.open === 'function' &&","                    'browser';","            } catch (errorCaughtBrowser) {","                return module.exports &&","                    typeof process.versions.node === 'string' &&","                    typeof require('http').createServer === 'function' &&","                    'node';","            }","        }());","        // init global","        local.global = local.modeJs === 'browser'","            ? window","            : global;","        // init utility2_rollup","        local = local.global.utility2_rollup || (local.modeJs === 'browser'","            ? local.global.utility2_npmtest_meteor_jsdoc","            : global.utility2_moduleExports);","        // export local","        local.global.local = local;","    }());","    switch (local.modeJs) {","","","","    // post-init","    // run browser js-env code - post-init","    /* istanbul ignore next */","    case 'browser':","        local.testRunBrowser = function (event) {","            if (!event || (event &&","                    event.currentTarget &&","                    event.currentTarget.className &&","                    event.currentTarget.className.includes &&","                    event.currentTarget.className.includes('onreset'))) {","                // reset output","                Array.from(","                    document.querySelectorAll('body > .resettable')","                ).forEach(function (element) {","                    switch (element.tagName) {","                    case 'INPUT':","                    case 'TEXTAREA':","                        element.value = '';","                        break;","                    default:","                        element.textContent = '';","                    }","                });","            }","            switch (event && event.currentTarget && event.currentTarget.id) {","            case 'testRunButton1':","                // show tests","                if (document.querySelector('#testReportDiv1').style.display === 'none') {","                    document.querySelector('#testReportDiv1').style.display = 'block';","                    document.querySelector('#testRunButton1').textContent =","                        'hide internal test';","                    local.modeTest = true;","                    local.testRunDefault(local);","                // hide tests","                } else {","                    document.querySelector('#testReportDiv1').style.display = 'none';","                    document.querySelector('#testRunButton1').textContent = 'run internal test';","                }","                break;","            // custom-case","            default:","                break;","            }","            if (document.querySelector('#inputTextareaEval1') && (!event || (event &&","                    event.currentTarget &&","                    event.currentTarget.className &&","                    event.currentTarget.className.includes &&","                    event.currentTarget.className.includes('oneval')))) {","                // try to eval input-code","                try {","                    /*jslint evil: true*/","                    eval(document.querySelector('#inputTextareaEval1').value);","                } catch (errorCaught) {","                    console.error(errorCaught);","                }","            }","        };","        // log stderr and stdout to #outputTextareaStdout1","        ['error', 'log'].forEach(function (key) {","            console[key + '_original'] = console[key];","            console[key] = function () {","                var element;","                console[key + '_original'].apply(console, arguments);","                element = document.querySelector('#outputTextareaStdout1');","                if (!element) {","                    return;","                }","                // append text to #outputTextareaStdout1","                element.value += Array.from(arguments).map(function (arg) {","                    return typeof arg === 'string'","                        ? arg","                        : JSON.stringify(arg, null, 4);","                }).join(' ') + '\\n';","                // scroll textarea to bottom","                element.scrollTop = element.scrollHeight;","            };","        });","        // init event-handling","        ['change', 'click', 'keyup'].forEach(function (event) {","            Array.from(document.querySelectorAll('.on' + event)).forEach(function (element) {","                element.addEventListener(event, local.testRunBrowser);","            });","        });","        // run tests","        local.testRunBrowser();","        break;","","","","    // run node js-env code - post-init","    /* istanbul ignore next */","    case 'node':","        // export local","        module.exports = local;","        // require modules","        local.fs = require('fs');","        local.http = require('http');","        local.url = require('url');","        // init assets","        local.assetsDict = local.assetsDict || {};","        /* jslint-ignore-begin */","        local.assetsDict['/assets.index.template.html'] = '\\","<!doctype html>\\n\\","<html lang=\"en\">\\n\\","<head>\\n\\","<meta charset=\"UTF-8\">\\n\\","<meta name=\"viewport\" content=\"width=device-width, initial-scale=1\">\\n\\","<title>{{env.npm_package_name}} (v{{env.npm_package_version}})</title>\\n\\","<style>\\n\\","/*csslint\\n\\","    box-sizing: false,\\n\\","    universal-selector: false\\n\\","*/\\n\\","* {\\n\\","    box-sizing: border-box;\\n\\","}\\n\\","body {\\n\\","    background: #dde;\\n\\","    font-family: Arial, Helvetica, sans-serif;\\n\\","    margin: 2rem;\\n\\","}\\n\\","body > * {\\n\\","    margin-bottom: 1rem;\\n\\","}\\n\\",".utility2FooterDiv {\\n\\","    margin-top: 20px;\\n\\","    text-align: center;\\n\\","}\\n\\","</style>\\n\\","<style>\\n\\","/*csslint\\n\\","*/\\n\\","textarea {\\n\\","    font-family: monospace;\\n\\","    height: 10rem;\\n\\","    width: 100%;\\n\\","}\\n\\","textarea[readonly] {\\n\\","    background: #ddd;\\n\\","}\\n\\","</style>\\n\\","</head>\\n\\","<body>\\n\\","<!-- utility2-comment\\n\\","<div id=\"ajaxProgressDiv1\" style=\"background: #d00; height: 2px; left: 0; margin: 0; padding: 0; position: fixed; top: 0; transition: background 0.5s, width 1.5s; width: 25%;\"></div>\\n\\","utility2-comment -->\\n\\","<h1>\\n\\","<!-- utility2-comment\\n\\","    <a\\n\\","        {{#if env.npm_package_homepage}}\\n\\","        href=\"{{env.npm_package_homepage}}\"\\n\\","        {{/if env.npm_package_homepage}}\\n\\","        target=\"_blank\"\\n\\","    >\\n\\","utility2-comment -->\\n\\","        {{env.npm_package_name}} (v{{env.npm_package_version}})\\n\\","<!-- utility2-comment\\n\\","    </a>\\n\\","utility2-comment -->\\n\\","</h1>\\n\\","<h3>{{env.npm_package_description}}</h3>\\n\\","<!-- utility2-comment\\n\\","<h4><a download href=\"assets.app.js\">download standalone app</a></h4>\\n\\","<button class=\"onclick onreset\" id=\"testRunButton1\">run internal test</button><br>\\n\\","<div id=\"testReportDiv1\" style=\"display: none;\"></div>\\n\\","utility2-comment -->\\n\\","\\n\\","\\n\\","\\n\\","<label>stderr and stdout</label>\\n\\","<textarea class=\"resettable\" id=\"outputTextareaStdout1\" readonly></textarea>\\n\\","<!-- utility2-comment\\n\\","{{#if isRollup}}\\n\\","<script src=\"assets.app.js\"></script>\\n\\","{{#unless isRollup}}\\n\\","utility2-comment -->\\n\\","<script src=\"assets.utility2.rollup.js\"></script>\\n\\","<script src=\"jsonp.utility2._stateInit?callback=window.utility2._stateInit\"></script>\\n\\","<script src=\"assets.npmtest_meteor_jsdoc.rollup.js\"></script>\\n\\","<script src=\"assets.example.js\"></script>\\n\\","<script src=\"assets.test.js\"></script>\\n\\","<!-- utility2-comment\\n\\","{{/if isRollup}}\\n\\","utility2-comment -->\\n\\","<div class=\"utility2FooterDiv\">\\n\\","    [ this app was created with\\n\\","    <a href=\"https://github.com/kaizhu256/node-utility2\" target=\"_blank\">utility2</a>\\n\\","    ]\\n\\","</div>\\n\\","</body>\\n\\","</html>\\n\\","';","        /* jslint-ignore-end */","        if (local.templateRender) {","            local.assetsDict['/'] = local.templateRender(","                local.assetsDict['/assets.index.template.html'],","                {","                    env: local.objectSetDefault(local.env, {","                        npm_package_description: 'the greatest app in the world!',","                        npm_package_name: 'my-app',","                        npm_package_nameAlias: 'my_app',","                        npm_package_version: '0.0.1'","                    })","                }","            );","        } else {","            local.assetsDict['/'] = local.assetsDict['/assets.index.template.html']","                .replace((/\\{\\{env\\.(\\w+?)\\}\\}/g), function (match0, match1) {","                    // jslint-hack","                    String(match0);","                    switch (match1) {","                    case 'npm_package_description':","                        return 'the greatest app in the world!';","                    case 'npm_package_name':","                        return 'my-app';","                    case 'npm_package_nameAlias':","                        return 'my_app';","                    case 'npm_package_version':","                        return '0.0.1';","                    }","                });","        }","        // run the cli","        if (local.global.utility2_rollup || module !== require.main) {","            break;","        }","        local.assetsDict['/assets.example.js'] =","            local.assetsDict['/assets.example.js'] ||","            local.fs.readFileSync(__filename, 'utf8');","        local.assetsDict['/assets.npmtest_meteor_jsdoc.rollup.js'] =","            local.assetsDict['/assets.npmtest_meteor_jsdoc.rollup.js'] ||","            local.fs.readFileSync(","                // buildCustomOrg-hack","                local.npmtest_meteor_jsdoc.__dirname +","                    '/lib.npmtest_meteor_jsdoc.js',","                'utf8'","            ).replace((/^#!/), '//');","        local.assetsDict['/favicon.ico'] = local.assetsDict['/favicon.ico'] || '';","        // if $npm_config_timeout_exit exists,","        // then exit this process after $npm_config_timeout_exit ms","        if (Number(process.env.npm_config_timeout_exit)) {","            setTimeout(process.exit, Number(process.env.npm_config_timeout_exit));","        }","        // start server","        if (local.global.utility2_serverHttp1) {","            break;","        }","        process.env.PORT = process.env.PORT || '8081';","        console.error('server starting on port ' + process.env.PORT);","        local.http.createServer(function (request, response) {","            request.urlParsed = local.url.parse(request.url);","            if (local.assetsDict[request.urlParsed.pathname] !== undefined) {","                response.end(local.assetsDict[request.urlParsed.pathname]);","                return;","            }","            response.statusCode = 404;","            response.end();","        }).listen(process.env.PORT);","        break;","    }","}());",""],"l":{"26":2,"28":2,"33":2,"35":2,"37":2,"38":2,"39":2,"44":1,"51":2,"55":2,"59":2,"61":2,"69":1,"70":2,"76":2,"79":2,"82":2,"83":2,"85":1,"89":2,"92":1,"93":1,"94":1,"96":1,"97":1,"100":1,"101":1,"103":1,"106":1,"108":2,"114":1,"116":1,"118":1,"123":1,"124":2,"125":2,"126":2,"127":2,"128":2,"129":2,"130":1,"133":2,"134":2,"139":2,"143":1,"144":3,"145":1,"149":1,"150":1,"158":1,"160":1,"161":1,"162":1,"164":1,"166":1,"258":1,"259":1,"271":1,"274":6,"275":6,"277":1,"279":2,"281":1,"283":2,"288":1,"289":1,"291":1,"294":1,"302":1,"305":1,"306":1,"309":1,"310":1,"312":1,"313":1,"314":1,"315":1,"316":1,"317":1,"318":1,"320":1,"321":1,"323":1}},"/home/travis/build/npmtest/node-npmtest-meteor-jsdoc/node_modules/meteor-jsdoc/lib/actions.js":{"path":"/home/travis/build/npmtest/node-npmtest-meteor-jsdoc/node_modules/meteor-jsdoc/lib/actions.js","s":{"1":1,"2":1,"3":1,"4":1,"5":1,"6":1,"7":1,"8":1,"9":1,"10":1,"11":1,"12":1,"13":1,"14":1,"15":0,"16":0,"17":0,"18":1,"19":0,"20":0,"21":0,"22":0,"23":0,"24":0,"25":0,"26":1,"27":0,"28":0,"29":1,"30":0,"31":0,"32":0,"33":0,"34":0,"35":0,"36":0,"37":0,"38":0,"39":0,"40":0,"41":0,"42":0,"43":0,"44":0,"45":0,"46":0,"47":0,"48":0,"49":0,"50":0,"51":0,"52":0,"53":0,"54":0,"55":0,"56":0,"57":0,"58":0,"59":0,"60":0,"61":0,"62":0,"63":0,"64":0,"65":0,"66":0,"67":0,"68":0,"69":0,"70":0,"71":0,"72":0,"73":0,"74":0,"75":0,"76":0,"77":0,"78":0,"79":0,"80":0,"81":0,"82":0,"83":0,"84":0,"85":0,"86":0,"87":0,"88":0,"89":0,"90":0,"91":0,"92":1,"93":0,"94":0,"95":0,"96":0,"97":0,"98":0,"99":1,"100":0,"101":0,"102":0,"103":0,"104":0,"105":0,"106":0,"107":0,"108":0,"109":0,"110":0,"111":0,"112":0,"113":0,"114":0,"115":1,"116":0,"117":0,"118":0,"119":0,"120":0,"121":0,"122":0,"123":0,"124":0,"125":0,"126":0,"127":0},"b":{"1":[0,0],"2":[0,0],"3":[0,0],"4":[0,0],"5":[0,0],"6":[0,0],"7":[0,0],"8":[0,0],"9":[0,0],"10":[0,0],"11":[0,0],"12":[0,0],"13":[0,0],"14":[0,0],"15":[0,0],"16":[0,0],"17":[0,0],"18":[0,0],"19":[0,0],"20":[0,0],"21":[0,0],"22":[0,0]},"f":{"1":0,"2":0,"3":0,"4":0,"5":0,"6":0,"7":0,"8":0},"fnMap":{"1":{"name":"Actions","line":17,"loc":{"start":{"line":17,"column":0},"end":{"line":17,"column":30}}},"2":{"name":"(anonymous_2)","line":24,"loc":{"start":{"line":24,"column":35},"end":{"line":24,"column":66}}},"3":{"name":"(anonymous_3)","line":40,"loc":{"start":{"line":40,"column":25},"end":{"line":40,"column":36}}},"4":{"name":"(anonymous_4)","line":46,"loc":{"start":{"line":46,"column":26},"end":{"line":46,"column":37}}},"5":{"name":"(anonymous_5)","line":156,"loc":{"start":{"line":156,"column":26},"end":{"line":156,"column":37}}},"6":{"name":"(anonymous_6)","line":169,"loc":{"start":{"line":169,"column":25},"end":{"line":169,"column":36}}},"7":{"name":"(anonymous_7)","line":174,"loc":{"start":{"line":174,"column":16},"end":{"line":174,"column":30}}},"8":{"name":"(anonymous_8)","line":198,"loc":{"start":{"line":198,"column":15},"end":{"line":198,"column":26}}}},"statementMap":{"1":{"start":{"line":1,"column":0},"end":{"line":1,"column":39}},"2":{"start":{"line":2,"column":0},"end":{"line":2,"column":39}},"3":{"start":{"line":3,"column":0},"end":{"line":3,"column":39}},"4":{"start":{"line":4,"column":0},"end":{"line":4,"column":47}},"5":{"start":{"line":5,"column":0},"end":{"line":5,"column":46}},"6":{"start":{"line":6,"column":0},"end":{"line":6,"column":36}},"7":{"start":{"line":7,"column":0},"end":{"line":7,"column":30}},"8":{"start":{"line":8,"column":0},"end":{"line":8,"column":32}},"9":{"start":{"line":9,"column":0},"end":{"line":9,"column":31}},"10":{"start":{"line":10,"column":0},"end":{"line":10,"column":37}},"11":{"start":{"line":12,"column":0},"end":{"line":12,"column":25}},"12":{"start":{"line":14,"column":0},"end":{"line":14,"column":61}},"13":{"start":{"line":15,"column":0},"end":{"line":15,"column":56}},"14":{"start":{"line":17,"column":0},"end":{"line":22,"column":1}},"15":{"start":{"line":18,"column":2},"end":{"line":18,"column":20}},"16":{"start":{"line":19,"column":2},"end":{"line":19,"column":23}},"17":{"start":{"line":21,"column":2},"end":{"line":21,"column":43}},"18":{"start":{"line":24,"column":0},"end":{"line":38,"column":2}},"19":{"start":{"line":25,"column":2},"end":{"line":25,"column":18}},"20":{"start":{"line":27,"column":2},"end":{"line":37,"column":5}},"21":{"start":{"line":28,"column":4},"end":{"line":36,"column":5}},"22":{"start":{"line":29,"column":6},"end":{"line":29,"column":20}},"23":{"start":{"line":31,"column":6},"end":{"line":33,"column":7}},"24":{"start":{"line":32,"column":8},"end":{"line":32,"column":49}},"25":{"start":{"line":35,"column":6},"end":{"line":35,"column":30}},"26":{"start":{"line":40,"column":0},"end":{"line":44,"column":2}},"27":{"start":{"line":41,"column":2},"end":{"line":41,"column":18}},"28":{"start":{"line":43,"column":2},"end":{"line":43,"column":49}},"29":{"start":{"line":46,"column":0},"end":{"line":154,"column":2}},"30":{"start":{"line":47,"column":2},"end":{"line":47,"column":18}},"31":{"start":{"line":49,"column":2},"end":{"line":57,"column":3}},"32":{"start":{"line":50,"column":4},"end":{"line":50,"column":41}},"33":{"start":{"line":52,"column":4},"end":{"line":56,"column":5}},"34":{"start":{"line":53,"column":6},"end":{"line":53,"column":66}},"35":{"start":{"line":55,"column":6},"end":{"line":55,"column":22}},"36":{"start":{"line":59,"column":2},"end":{"line":73,"column":3}},"37":{"start":{"line":60,"column":4},"end":{"line":60,"column":36}},"38":{"start":{"line":61,"column":4},"end":{"line":61,"column":47}},"39":{"start":{"line":63,"column":4},"end":{"line":63,"column":28}},"40":{"start":{"line":65,"column":4},"end":{"line":65,"column":43}},"41":{"start":{"line":66,"column":9},"end":{"line":73,"column":3}},"42":{"start":{"line":67,"column":4},"end":{"line":67,"column":47}},"43":{"start":{"line":68,"column":4},"end":{"line":68,"column":58}},"44":{"start":{"line":70,"column":4},"end":{"line":70,"column":28}},"45":{"start":{"line":72,"column":4},"end":{"line":72,"column":39}},"46":{"start":{"line":75,"column":2},"end":{"line":86,"column":3}},"47":{"start":{"line":76,"column":4},"end":{"line":76,"column":82}},"48":{"start":{"line":77,"column":4},"end":{"line":77,"column":92}},"49":{"start":{"line":79,"column":4},"end":{"line":85,"column":7}},"50":{"start":{"line":80,"column":6},"end":{"line":84,"column":7}},"51":{"start":{"line":81,"column":8},"end":{"line":81,"column":27}},"52":{"start":{"line":83,"column":8},"end":{"line":83,"column":45}},"53":{"start":{"line":89,"column":2},"end":{"line":89,"column":86}},"54":{"start":{"line":91,"column":2},"end":{"line":94,"column":3}},"55":{"start":{"line":92,"column":4},"end":{"line":92,"column":111}},"56":{"start":{"line":93,"column":4},"end":{"line":93,"column":20}},"57":{"start":{"line":96,"column":2},"end":{"line":108,"column":3}},"58":{"start":{"line":97,"column":4},"end":{"line":97,"column":37}},"59":{"start":{"line":98,"column":4},"end":{"line":98,"column":59}},"60":{"start":{"line":99,"column":4},"end":{"line":99,"column":91}},"61":{"start":{"line":101,"column":4},"end":{"line":107,"column":5}},"62":{"start":{"line":102,"column":6},"end":{"line":102,"column":66}},"63":{"start":{"line":104,"column":6},"end":{"line":104,"column":24}},"64":{"start":{"line":106,"column":6},"end":{"line":106,"column":46}},"65":{"start":{"line":110,"column":2},"end":{"line":110,"column":68}},"66":{"start":{"line":112,"column":2},"end":{"line":112,"column":50}},"67":{"start":{"line":113,"column":2},"end":{"line":113,"column":53}},"68":{"start":{"line":115,"column":2},"end":{"line":115,"column":83}},"69":{"start":{"line":116,"column":2},"end":{"line":116,"column":92}},"70":{"start":{"line":117,"column":2},"end":{"line":117,"column":66}},"71":{"start":{"line":118,"column":2},"end":{"line":118,"column":71}},"72":{"start":{"line":119,"column":2},"end":{"line":119,"column":61}},"73":{"start":{"line":120,"column":2},"end":{"line":120,"column":50}},"74":{"start":{"line":122,"column":2},"end":{"line":122,"column":214}},"75":{"start":{"line":124,"column":2},"end":{"line":153,"column":5}},"76":{"start":{"line":125,"column":4},"end":{"line":129,"column":5}},"77":{"start":{"line":126,"column":6},"end":{"line":126,"column":28}},"78":{"start":{"line":128,"column":6},"end":{"line":128,"column":13}},"79":{"start":{"line":131,"column":4},"end":{"line":131,"column":34}},"80":{"start":{"line":134,"column":4},"end":{"line":134,"column":37}},"81":{"start":{"line":136,"column":4},"end":{"line":146,"column":7}},"82":{"start":{"line":137,"column":6},"end":{"line":145,"column":7}},"83":{"start":{"line":138,"column":8},"end":{"line":138,"column":27}},"84":{"start":{"line":139,"column":13},"end":{"line":145,"column":7}},"85":{"start":{"line":140,"column":8},"end":{"line":140,"column":26}},"86":{"start":{"line":141,"column":13},"end":{"line":145,"column":7}},"87":{"start":{"line":142,"column":8},"end":{"line":142,"column":27}},"88":{"start":{"line":144,"column":8},"end":{"line":144,"column":26}},"89":{"start":{"line":148,"column":4},"end":{"line":152,"column":5}},"90":{"start":{"line":149,"column":6},"end":{"line":149,"column":46}},"91":{"start":{"line":151,"column":6},"end":{"line":151,"column":50}},"92":{"start":{"line":156,"column":0},"end":{"line":167,"column":2}},"93":{"start":{"line":157,"column":2},"end":{"line":157,"column":18}},"94":{"start":{"line":158,"column":2},"end":{"line":158,"column":72}},"95":{"start":{"line":160,"column":2},"end":{"line":166,"column":5}},"96":{"start":{"line":161,"column":4},"end":{"line":165,"column":5}},"97":{"start":{"line":162,"column":6},"end":{"line":162,"column":27}},"98":{"start":{"line":164,"column":6},"end":{"line":164,"column":100}},"99":{"start":{"line":169,"column":0},"end":{"line":196,"column":2}},"100":{"start":{"line":170,"column":2},"end":{"line":170,"column":26}},"101":{"start":{"line":171,"column":2},"end":{"line":171,"column":113}},"102":{"start":{"line":172,"column":2},"end":{"line":172,"column":102}},"103":{"start":{"line":174,"column":2},"end":{"line":180,"column":3}},"104":{"start":{"line":175,"column":4},"end":{"line":179,"column":7}},"105":{"start":{"line":176,"column":6},"end":{"line":178,"column":7}},"106":{"start":{"line":177,"column":8},"end":{"line":177,"column":48}},"107":{"start":{"line":182,"column":2},"end":{"line":195,"column":5}},"108":{"start":{"line":183,"column":4},"end":{"line":194,"column":7}},"109":{"start":{"line":184,"column":6},"end":{"line":193,"column":7}},"110":{"start":{"line":185,"column":8},"end":{"line":185,"column":29}},"111":{"start":{"line":187,"column":8},"end":{"line":187,"column":44}},"112":{"start":{"line":189,"column":8},"end":{"line":192,"column":9}},"113":{"start":{"line":190,"column":10},"end":{"line":190,"column":24}},"114":{"start":{"line":191,"column":10},"end":{"line":191,"column":23}},"115":{"start":{"line":198,"column":0},"end":{"line":216,"column":2}},"116":{"start":{"line":199,"column":2},"end":{"line":199,"column":49}},"117":{"start":{"line":200,"column":2},"end":{"line":200,"column":54}},"118":{"start":{"line":202,"column":2},"end":{"line":205,"column":3}},"119":{"start":{"line":203,"column":4},"end":{"line":203,"column":52}},"120":{"start":{"line":204,"column":4},"end":{"line":204,"column":20}},"121":{"start":{"line":207,"column":2},"end":{"line":207,"column":84}},"122":{"start":{"line":208,"column":2},"end":{"line":208,"column":89}},"123":{"start":{"line":210,"column":2},"end":{"line":210,"column":44}},"124":{"start":{"line":211,"column":2},"end":{"line":211,"column":52}},"125":{"start":{"line":213,"column":2},"end":{"line":213,"column":48}},"126":{"start":{"line":214,"column":2},"end":{"line":214,"column":68}},"127":{"start":{"line":215,"column":2},"end":{"line":215,"column":73}}},"branchMap":{"1":{"line":28,"type":"if","locations":[{"start":{"line":28,"column":4},"end":{"line":28,"column":4}},{"start":{"line":28,"column":4},"end":{"line":28,"column":4}}]},"2":{"line":31,"type":"if","locations":[{"start":{"line":31,"column":6},"end":{"line":31,"column":6}},{"start":{"line":31,"column":6},"end":{"line":31,"column":6}}]},"3":{"line":52,"type":"if","locations":[{"start":{"line":52,"column":4},"end":{"line":52,"column":4}},{"start":{"line":52,"column":4},"end":{"line":52,"column":4}}]},"4":{"line":59,"type":"if","locations":[{"start":{"line":59,"column":2},"end":{"line":59,"column":2}},{"start":{"line":59,"column":2},"end":{"line":59,"column":2}}]},"5":{"line":66,"type":"if","locations":[{"start":{"line":66,"column":9},"end":{"line":66,"column":9}},{"start":{"line":66,"column":9},"end":{"line":66,"column":9}}]},"6":{"line":75,"type":"if","locations":[{"start":{"line":75,"column":2},"end":{"line":75,"column":2}},{"start":{"line":75,"column":2},"end":{"line":75,"column":2}}]},"7":{"line":80,"type":"if","locations":[{"start":{"line":80,"column":6},"end":{"line":80,"column":6}},{"start":{"line":80,"column":6},"end":{"line":80,"column":6}}]},"8":{"line":91,"type":"if","locations":[{"start":{"line":91,"column":2},"end":{"line":91,"column":2}},{"start":{"line":91,"column":2},"end":{"line":91,"column":2}}]},"9":{"line":96,"type":"if","locations":[{"start":{"line":96,"column":2},"end":{"line":96,"column":2}},{"start":{"line":96,"column":2},"end":{"line":96,"column":2}}]},"10":{"line":101,"type":"if","locations":[{"start":{"line":101,"column":4},"end":{"line":101,"column":4}},{"start":{"line":101,"column":4},"end":{"line":101,"column":4}}]},"11":{"line":115,"type":"cond-expr","locations":[{"start":{"line":115,"column":50},"end":{"line":115,"column":52}},{"start":{"line":115,"column":55},"end":{"line":115,"column":82}}]},"12":{"line":117,"type":"cond-expr","locations":[{"start":{"line":117,"column":42},"end":{"line":117,"column":51}},{"start":{"line":117,"column":54},"end":{"line":117,"column":65}}]},"13":{"line":125,"type":"if","locations":[{"start":{"line":125,"column":4},"end":{"line":125,"column":4}},{"start":{"line":125,"column":4},"end":{"line":125,"column":4}}]},"14":{"line":137,"type":"if","locations":[{"start":{"line":137,"column":6},"end":{"line":137,"column":6}},{"start":{"line":137,"column":6},"end":{"line":137,"column":6}}]},"15":{"line":139,"type":"if","locations":[{"start":{"line":139,"column":13},"end":{"line":139,"column":13}},{"start":{"line":139,"column":13},"end":{"line":139,"column":13}}]},"16":{"line":141,"type":"if","locations":[{"start":{"line":141,"column":13},"end":{"line":141,"column":13}},{"start":{"line":141,"column":13},"end":{"line":141,"column":13}}]},"17":{"line":148,"type":"if","locations":[{"start":{"line":148,"column":4},"end":{"line":148,"column":4}},{"start":{"line":148,"column":4},"end":{"line":148,"column":4}}]},"18":{"line":161,"type":"if","locations":[{"start":{"line":161,"column":4},"end":{"line":161,"column":4}},{"start":{"line":161,"column":4},"end":{"line":161,"column":4}}]},"19":{"line":176,"type":"if","locations":[{"start":{"line":176,"column":6},"end":{"line":176,"column":6}},{"start":{"line":176,"column":6},"end":{"line":176,"column":6}}]},"20":{"line":184,"type":"if","locations":[{"start":{"line":184,"column":6},"end":{"line":184,"column":6}},{"start":{"line":184,"column":6},"end":{"line":184,"column":6}}]},"21":{"line":189,"type":"if","locations":[{"start":{"line":189,"column":8},"end":{"line":189,"column":8}},{"start":{"line":189,"column":8},"end":{"line":189,"column":8}}]},"22":{"line":202,"type":"if","locations":[{"start":{"line":202,"column":2},"end":{"line":202,"column":2}},{"start":{"line":202,"column":2},"end":{"line":202,"column":2}}]}},"code":["const each    = require(\"lodash/each\");","const drop    = require(\"lodash/drop\");","const pull    = require(\"lodash/pull\");","const spawn   = require(\"child_process\").spawn;","const exec    = require('child_process').exec;","const fse     = require('fs-extra');","const os      = require(\"os\");","const path    = require(\"path\");","const ejs     = require(\"ejs\");","const helpers = require(\"./helpers\");","","module.exports = Actions;","","const EXAMPLE_DIR = path.resolve(__dirname, \"..\", \"example\");","const METEOR_DIR  = path.resolve(EXAMPLE_DIR, \"meteor\");","","function Actions(config, cwd) {","  this.cwd    = cwd;","  this.config = config;","","  helpers.debug(\"DEBUG: config =\", config);","}","","Actions.prototype._applyTemplate = function(file, vars, callback) {","  var self = this;","","  fse.readFile(file, { encoding: \"utf8\" }, (err, content) => {","    if (err) {","      callback(err);","    } else {","      if (vars) {","        content = ejs.compile(content, {})(vars);","      }","","      callback(null, content);","    }","  });","};","","Actions.prototype.conf = function() {","  var self = this;","","  helpers.info(\"Project's config:\", self.config);","};","","Actions.prototype.build = function() {","  var self = this;","","  try {","    fse.mkdirsSync(self.config.docsPath);","  } catch(e) {","    if (e.code != \"EEXIST\") {","      helpers.error(\"Cannot create docs folder ('docsPath'):\", e);","","      process.exit(1);","    }","  }","","  if (self.config.initMeteor) {","    var src = path.join(METEOR_DIR);","    var dest = path.join(self.config.docsPath);","","    fse.copySync(src, dest);","","    helpers.success(\"Meteor initialized.\");","  } else if (self.config.updateMeteor) {","    var src = path.join(METEOR_DIR, \".meteor\");","    var dest = path.join(self.config.docsPath, \".meteor\");","","    fse.copySync(src, dest);","","    helpers.success(\"Meteor updated.\");","  }","","  if (self.config.docsConfig) {","    var srcHead  = path.resolve(METEOR_DIR, \"client\", \"templates\", \"layout.html\");","    var destHead = path.resolve(self.config.docsPath, \"client\", \"templates\", \"layout.html\");","","    self._applyTemplate(srcHead, self.config.docsConfig, (err, content) => {","      if (err) {","        helpers.error(err);","      } else {","        fse.writeFileSync(destHead, content);","      }","    });","  }","","  // XXX: Test if deep folder exist to make sure Meteor is copied.","  var destClientTemplates = path.resolve(self.config.docsPath, \"client\", \"templates\");","","  if (! fse.existsSync(destClientTemplates)) {","    helpers.error(\"Meteor doesn't appear to be initialized. Please set 'initMeteor' to true in 'jsdoc.conf'.\");","    process.exit(1);","  }","","  if (self.config.preamble) {","    var fileName     = \"preamble.md\";","    var srcPreamble  = path.resolve(EXAMPLE_DIR, fileName);","    var destPreamble = path.resolve(self.config.docsPath, \"client\", \"templates\", fileName);","","    if (fse.existsSync(destPreamble)) {","      var log = `Skipped ${fileName} copy to avoid overwritting.`;","","      helpers.warn(log);","    } else {","      fse.copySync(srcPreamble, destPreamble);","    }","  }","","  fse.mkdirsSync(path.join(self.config.docsPath, \"client\", \"data\"));","","  process.env.DOCS_PATH    = self.config.docsPath;","  process.env.PROJECT_REPO = self.config.projectRepo;","","  var nodePath      = os.platform() === \"win32\" ? \"\" : `\"${self.config.nodePath}\"`;","  var jsdocPath     = `\"${path.resolve(__dirname, \"..\", \"node_modules\", \".bin\", \"jsdoc\")}\"`;","  var jsdocArgs     = self.config.debug ? \"--debug\" : \"--verbose\";","  var jsdocTmplPath = `\"${path.resolve(__dirname, \"..\", \"template\")}\"`;","  var jsdocConf     = `\"${path.resolve(\"jsdoc-conf.json\")}\"`;","  var docsPath      = `\"${self.config.docsPath}\"`;","","  var cmd = `find . -type f ! -path \"*/.git/*\" ! -path \"*/.meteor/*\" | xargs grep -lswH \"@summary\" | xargs -L 10000 -t ${nodePath} ${jsdocPath} ${jsdocArgs} -t ${jsdocTmplPath} -c ${jsdocConf} -d ${docsPath} 2>&1`;","","  exec(cmd, (error, stdout, stderr) => {","    if (stderr) {","      helpers.error(stderr);","","      return;","    }","","    var logs = stdout.split(\"\\n\");","","    // Show cmd ran when in debug mode","    helpers.debug(\"DEBUG:\", logs[0]);","","    each(drop(logs), (log) => {","      if (log.startsWith(\"DEBUG\")) {","        helpers.debug(log);","      } else if (log.startsWith(\"WARNING\")) {","        helpers.warn(log);","      } else if (log.startsWith(\"ERROR\")) {","        helpers.error(log);","      } else {","        helpers.info(log);","      }","    });","","    if (error !== null) {","      helpers.warn(\"Docs built with errors.\");","    } else {","      helpers.success(\"Docs successfully built.\");","    }","  });","};","","Actions.prototype.start = function() {","  var self = this;","  var cmd  = `meteor --port ${self.config.meteorPort} > app.log 2>&1 &`;","","  exec(cmd, { cwd: self.config.docsPath }, (error, stdout, stderr) => {","    if (error !== null) {","      helpers.error(error);","    } else {","      helpers.success(`Meteor docs server starting at http://localhost:${self.config.meteorPort}/`);","    }","  });","};","","Actions.prototype.stop = function() {","  var self         = this;","  var meteorPidCmd = `ps ax | grep meteor | grep 'index.js --port ${self.config.meteorPort}' | awk '{print $1}'`;","  var mongoPidCmd  = `ps ax | grep mongod | grep 'dbpath ${self.config.docsPath}' | awk '{print $1}'`;","","  var killPid = function(pid) {","    exec(`kill -9 ${pid}`, (error, stdout, stderr) => {","      if (error === null) {","        helpers.success(`Stopped PID: ${pid}.`);","      }","    });","  }","","  each([meteorPidCmd, mongoPidCmd], (cmd) => {","    exec(cmd, (error, stdout, stderr) => {","      if (error !== null) {","        helpers.error(error);","      } else {","        pids = pull(stdout.split(\"\\n\"), \"\");","","        if (pids.length === 2) {","          pid = pids[0];","          killPid(pid);","        }","      }","    });","  });","};","","Actions.init = function() {","  var jsdocJson     = path.resolve(\"jsdoc.json\");","  var jsdocConfJson = path.resolve(\"jsdoc-conf.json\");","","  if (fse.existsSync(jsdocJson)) {","    helpers.error(\"A JSDoc project already exists\");","    process.exit(1);","  }","","  var jsdocJsonExample     = path.resolve(__dirname, \"..\", \"example\", \"jsdoc.json\");","  var jsdocConfJsonExample = path.resolve(__dirname, \"..\", \"example\", \"jsdoc-conf.json\");","","  fse.copySync(jsdocJsonExample, jsdocJson);","  fse.copySync(jsdocConfJsonExample, jsdocConfJson);","","  helpers.success(\"JSDoc project initialized.\");","  helpers.info(`Check \"${jsdocJson}\" for project specific options.`)","  helpers.info(`[Advanced] Check \"${jsdocConfJson}\" for jsdoc options.`);","};",""],"l":{"1":1,"2":1,"3":1,"4":1,"5":1,"6":1,"7":1,"8":1,"9":1,"10":1,"12":1,"14":1,"15":1,"17":1,"18":0,"19":0,"21":0,"24":1,"25":0,"27":0,"28":0,"29":0,"31":0,"32":0,"35":0,"40":1,"41":0,"43":0,"46":1,"47":0,"49":0,"50":0,"52":0,"53":0,"55":0,"59":0,"60":0,"61":0,"63":0,"65":0,"66":0,"67":0,"68":0,"70":0,"72":0,"75":0,"76":0,"77":0,"79":0,"80":0,"81":0,"83":0,"89":0,"91":0,"92":0,"93":0,"96":0,"97":0,"98":0,"99":0,"101":0,"102":0,"104":0,"106":0,"110":0,"112":0,"113":0,"115":0,"116":0,"117":0,"118":0,"119":0,"120":0,"122":0,"124":0,"125":0,"126":0,"128":0,"131":0,"134":0,"136":0,"137":0,"138":0,"139":0,"140":0,"141":0,"142":0,"144":0,"148":0,"149":0,"151":0,"156":1,"157":0,"158":0,"160":0,"161":0,"162":0,"164":0,"169":1,"170":0,"171":0,"172":0,"174":0,"175":0,"176":0,"177":0,"182":0,"183":0,"184":0,"185":0,"187":0,"189":0,"190":0,"191":0,"198":1,"199":0,"200":0,"202":0,"203":0,"204":0,"207":0,"208":0,"210":0,"211":0,"213":0,"214":0,"215":0}},"/home/travis/build/npmtest/node-npmtest-meteor-jsdoc/node_modules/meteor-jsdoc/lib/helpers.js":{"path":"/home/travis/build/npmtest/node-npmtest-meteor-jsdoc/node_modules/meteor-jsdoc/lib/helpers.js","s":{"1":1,"2":1,"3":1,"4":0,"5":1,"6":0,"7":0,"8":0,"9":0,"10":0,"11":0,"12":0,"13":0,"14":0,"15":1,"16":0,"17":0,"18":1,"19":0,"20":1,"21":0,"22":1,"23":0,"24":1,"25":0,"26":1,"27":0},"b":{"1":[0,0],"2":[0,0],"3":[0,0]},"f":{"1":0,"2":0,"3":0,"4":0,"5":0,"6":0,"7":0,"8":0},"fnMap":{"1":{"name":"(anonymous_1)","line":5,"loc":{"start":{"line":5,"column":16},"end":{"line":5,"column":35}}},"2":{"name":"(anonymous_2)","line":9,"loc":{"start":{"line":9,"column":20},"end":{"line":9,"column":31}}},"3":{"name":"(anonymous_3)","line":21,"loc":{"start":{"line":21,"column":16},"end":{"line":21,"column":45}}},"4":{"name":"(anonymous_4)","line":27,"loc":{"start":{"line":27,"column":14},"end":{"line":27,"column":38}}},"5":{"name":"(anonymous_5)","line":31,"loc":{"start":{"line":31,"column":15},"end":{"line":31,"column":39}}},"6":{"name":"(anonymous_6)","line":35,"loc":{"start":{"line":35,"column":16},"end":{"line":35,"column":40}}},"7":{"name":"(anonymous_7)","line":39,"loc":{"start":{"line":39,"column":18},"end":{"line":39,"column":42}}},"8":{"name":"(anonymous_8)","line":43,"loc":{"start":{"line":43,"column":15},"end":{"line":43,"column":39}}}},"statementMap":{"1":{"start":{"line":1,"column":0},"end":{"line":1,"column":35}},"2":{"start":{"line":3,"column":0},"end":{"line":3,"column":18}},"3":{"start":{"line":5,"column":0},"end":{"line":7,"column":1}},"4":{"start":{"line":6,"column":2},"end":{"line":6,"column":59}},"5":{"start":{"line":9,"column":0},"end":{"line":19,"column":2}},"6":{"start":{"line":10,"column":2},"end":{"line":10,"column":73}},"7":{"start":{"line":11,"column":2},"end":{"line":11,"column":35}},"8":{"start":{"line":12,"column":2},"end":{"line":12,"column":33}},"9":{"start":{"line":13,"column":2},"end":{"line":13,"column":33}},"10":{"start":{"line":14,"column":2},"end":{"line":14,"column":58}},"11":{"start":{"line":15,"column":2},"end":{"line":15,"column":75}},"12":{"start":{"line":16,"column":2},"end":{"line":16,"column":78}},"13":{"start":{"line":17,"column":2},"end":{"line":17,"column":62}},"14":{"start":{"line":18,"column":2},"end":{"line":18,"column":63}},"15":{"start":{"line":21,"column":0},"end":{"line":25,"column":2}},"16":{"start":{"line":22,"column":2},"end":{"line":24,"column":3}},"17":{"start":{"line":23,"column":4},"end":{"line":23,"column":85}},"18":{"start":{"line":27,"column":0},"end":{"line":29,"column":2}},"19":{"start":{"line":28,"column":2},"end":{"line":28,"column":71}},"20":{"start":{"line":31,"column":0},"end":{"line":33,"column":2}},"21":{"start":{"line":32,"column":2},"end":{"line":32,"column":71}},"22":{"start":{"line":35,"column":0},"end":{"line":37,"column":2}},"23":{"start":{"line":36,"column":2},"end":{"line":36,"column":69}},"24":{"start":{"line":39,"column":0},"end":{"line":41,"column":2}},"25":{"start":{"line":40,"column":2},"end":{"line":40,"column":73}},"26":{"start":{"line":43,"column":0},"end":{"line":45,"column":2}},"27":{"start":{"line":44,"column":2},"end":{"line":44,"column":75}}},"branchMap":{"1":{"line":6,"type":"cond-expr","locations":[{"start":{"line":6,"column":20},"end":{"line":6,"column":53}},{"start":{"line":6,"column":56},"end":{"line":6,"column":58}}]},"2":{"line":22,"type":"if","locations":[{"start":{"line":22,"column":2},"end":{"line":22,"column":2}},{"start":{"line":22,"column":2},"end":{"line":22,"column":2}}]},"3":{"line":23,"type":"cond-expr","locations":[{"start":{"line":23,"column":43},"end":{"line":23,"column":56}},{"start":{"line":23,"column":59},"end":{"line":23,"column":83}}]}},"code":["const config = require(\"./config\");","","require(\"colors\");","","var stringify = function(variable) {","  return variable ? JSON.stringify(variable, null, 2) : \"\";","}","","exports.printHelp = function() {","  console.log(`\\nmeteor-jsdoc (v${require(\"../package.json\").version})`);","  console.log(\"\\n---------------\");","  console.log(\" Valid Actions \");","  console.log(\"---------------\");","  console.log(\"conf  - Show the config for the project.\");","  console.log(\"init  - Copy the config file to your project's directory.\");","  console.log(\"build - Build/rebuild the documentation for a Meteor project\");","  console.log(\"start - Start the meteor server for the docs\");","  console.log(\"stop  - Stop the meteor server for the docs\\n\");","};","","exports.debug = function(log, variable, raw) {","  if (config.read().debug) {","    console.log(stringify(log).gray, raw ? variable.gray : stringify(variable).gray);","  }","};","","exports.log = function(log, variable) {","  console.log(stringify(log).blue.bold, stringify(variable).blue.bold);","};","","exports.info = function(log, variable) {","  console.log(stringify(log).gray.bold, stringify(variable).gray.bold);","};","","exports.error = function(log, variable) {","  console.log(stringify(log).red.bold, stringify(variable).red.bold);","};","","exports.success = function(log, variable) {","  console.log(stringify(log).green.bold, stringify(variable).green.bold);","};","","exports.warn = function(log, variable) {","  console.log(stringify(log).yellow.bold, stringify(variable).yellow.bold);","};",""],"l":{"1":1,"3":1,"5":1,"6":0,"9":1,"10":0,"11":0,"12":0,"13":0,"14":0,"15":0,"16":0,"17":0,"18":0,"21":1,"22":0,"23":0,"27":1,"28":0,"31":1,"32":0,"35":1,"36":0,"39":1,"40":0,"43":1,"44":0}},"/home/travis/build/npmtest/node-npmtest-meteor-jsdoc/node_modules/meteor-jsdoc/lib/config.js":{"path":"/home/travis/build/npmtest/node-npmtest-meteor-jsdoc/node_modules/meteor-jsdoc/lib/config.js","s":{"1":1,"2":1,"3":1,"4":1,"5":1,"6":1,"7":1,"8":1,"9":1,"10":1,"11":1,"12":0,"13":0,"14":0,"15":0,"16":0,"17":0,"18":0,"19":0,"20":0,"21":0,"22":0,"23":0,"24":0,"25":0,"26":0,"27":0,"28":0,"29":0,"30":0,"31":0,"32":0,"33":0,"34":0,"35":0,"36":0,"37":0,"38":0,"39":0},"b":{"1":[0,0],"2":[0,0],"3":[0,0],"4":[0,0],"5":[0,0],"6":[0,0],"7":[0,0],"8":[0,0],"9":[0,0],"10":[0,0],"11":[0,0],"12":[0,0],"13":[0,0],"14":[0,0],"15":[0,0],"16":[0,0],"17":[0,0],"18":[0,0],"19":[0,0]},"f":{"1":0},"fnMap":{"1":{"name":"(anonymous_1)","line":13,"loc":{"start":{"line":13,"column":15},"end":{"line":13,"column":26}}}},"statementMap":{"1":{"start":{"line":1,"column":0},"end":{"line":1,"column":46}},"2":{"start":{"line":2,"column":0},"end":{"line":2,"column":44}},"3":{"start":{"line":3,"column":0},"end":{"line":3,"column":45}},"4":{"start":{"line":4,"column":0},"end":{"line":4,"column":45}},"5":{"start":{"line":5,"column":0},"end":{"line":5,"column":35}},"6":{"start":{"line":6,"column":0},"end":{"line":6,"column":34}},"7":{"start":{"line":7,"column":0},"end":{"line":7,"column":38}},"8":{"start":{"line":8,"column":0},"end":{"line":8,"column":32}},"9":{"start":{"line":9,"column":0},"end":{"line":9,"column":39}},"10":{"start":{"line":11,"column":0},"end":{"line":11,"column":18}},"11":{"start":{"line":13,"column":0},"end":{"line":70,"column":2}},"12":{"start":{"line":14,"column":2},"end":{"line":14,"column":49}},"13":{"start":{"line":16,"column":2},"end":{"line":69,"column":3}},"14":{"start":{"line":17,"column":4},"end":{"line":17,"column":46}},"15":{"start":{"line":19,"column":4},"end":{"line":21,"column":5}},"16":{"start":{"line":20,"column":6},"end":{"line":20,"column":30}},"17":{"start":{"line":23,"column":4},"end":{"line":25,"column":5}},"18":{"start":{"line":24,"column":6},"end":{"line":24,"column":34}},"19":{"start":{"line":27,"column":4},"end":{"line":29,"column":5}},"20":{"start":{"line":28,"column":6},"end":{"line":28,"column":44}},"21":{"start":{"line":31,"column":4},"end":{"line":34,"column":5}},"22":{"start":{"line":32,"column":6},"end":{"line":32,"column":75}},"23":{"start":{"line":33,"column":6},"end":{"line":33,"column":22}},"24":{"start":{"line":36,"column":4},"end":{"line":36,"column":71}},"25":{"start":{"line":37,"column":4},"end":{"line":37,"column":52}},"26":{"start":{"line":39,"column":4},"end":{"line":
[...]
line":43,"column":57},"end":{"line":43,"column":92}}]},"14":{"line":47,"type":"if","locations":[{"start":{"line":47,"column":4},"end":{"line":47,"column":4}},{"start":{"line":47,"column":4},"end":{"line":47,"column":4}}]},"15":{"line":47,"type":"binary-expr","locations":[{"start":{"line":47,"column":8},"end":{"line":47,"column":49}},{"start":{"line":47,"column":53},"end":{"line":47,"column":84}}]},"16":{"line":51,"type":"if","locations":[{"start":{"line":51,"column":4},"end":{"line":51,"column":4}},{"start":{"line":51,"column":4},"end":{"line":51,"column":4}}]},"17":{"line":51,"type":"binary-expr","locations":[{"start":{"line":51,"column":8},"end":{"line":51,"column":52}},{"start":{"line":51,"column":56},"end":{"line":51,"column":89}}]},"18":{"line":55,"type":"if","locations":[{"start":{"line":55,"column":4},"end":{"line":55,"column":4}},{"start":{"line":55,"column":4},"end":{"line":55,"column":4}}]},"19":{"line":55,"type":"binary-expr","locations":[{"start":{"line":55,"column":8},"end":{"line":55,"column":51}},{"start":{"line":55,"column":55},"end":{"line":55,"column":84}}]}},"code":["const isBoolean = require(\"lodash/isBoolean\");","const isEmpty   = require(\"lodash/isEmpty\");","const isNumber  = require(\"lodash/isNumber\");","const isString  = require(\"lodash/isString\");","const cjson     = require(\"cjson\");","const path      = require(\"path\");","const fse       = require('fs-extra');","const os        = require(\"os\");","const helpers   = require(\"./helpers\");","","require(\"colors\");","","exports.read = function() {","  var jsdocJsonPath = path.resolve(\"jsdoc.json\");","","  if (fse.existsSync(jsdocJsonPath)) {","    var jsdocJson = cjson.load(jsdocJsonPath);","","    if (typeof jsdocJson.debug === \"undefined\" || ! isBoolean(jsdocJson.debug)) {","      jsdocJson.debug = false;","    }","","    if (typeof jsdocJson.meteorPort === \"undefined\" || ! isNumber(jsdocJson.meteorPort)) {","      jsdocJson.meteorPort = 3333;","    }","","    if (typeof jsdocJson.nodePath === \"undefined\" || isEmpty(jsdocJson.nodePath)) {","      jsdocJson.nodePath = process.execPath;","    }","","    if (typeof jsdocJson.docsPath === \"undefined\" || isEmpty(jsdocJson.docsPath)) {","      helpers.error(\"Invalid jsdoc.json file: docsPath is not specified.\");","      process.exit(1);","    }","","    var fullDocsPath   = jsdocJson.docsPath.replace(\"~\", os.homedir());","    jsdocJson.docsPath = path.resolve(fullDocsPath);","","    if (typeof jsdocJson.initMeteor === \"undefined\" || ! isBoolean(jsdocJson.initMeteor)) {","      jsdocJson.initMeteor = true;","    }","","    if (typeof jsdocJson.updateMeteor === \"undefined\" || ! isBoolean(jsdocJson.updateMeteor)) {","      jsdocJson.updateMeteor = true;","    }","","    if (typeof jsdocJson.preamble === \"undefined\" || ! isBoolean(jsdocJson.preamble)) {","      jsdocJson.preamble = true;","    }","","    if (typeof jsdocJson.projectRepo === \"undefined\" || ! isString(jsdocJson.projectRepo)) {","      jsdocJson.projectRepo = \"\";","    }","","    if (typeof jsdocJson.docsConfig === \"undefined\" || isEmpty(jsdocJson.docsConfig)) {","      jsdocJson.docsConfig = {","        \"title\": \"Meteor Project Docs\",","        \"metas\": {","          \"description\": \"Documentation for a meteor project.\"","        }","      };","    }","","    return jsdocJson;","  } else {","    helpers.error(\"jsdoc.json file does not exist!\");","    helpers.printHelp();","    process.exit(1);","  }","};",""],"l":{"1":1,"2":1,"3":1,"4":1,"5":1,"6":1,"7":1,"8":1,"9":1,"11":1,"13":1,"14":0,"16":0,"17":0,"19":0,"20":0,"23":0,"24":0,"27":0,"28":0,"31":0,"32":0,"33":0,"36":0,"37":0,"39":0,"40":0,"43":0,"44":0,"47":0,"48":0,"51":0,"52":0,"55":0,"56":0,"64":0,"66":0,"67":0,"68":0}},"/home/travis/build/npmtest/node-npmtest-meteor-jsdoc/node_modules/meteor-jsdoc/template/publish.js":{"path":"/home/travis/build/npmtest/node-npmtest-meteor-jsdoc/node_modules/meteor-jsdoc/template/publish.js","s":{"1":2,"2":2,"3":0,"4":0,"5":0,"6":0,"7":0,"8":0,"9":0,"10":0,"11":0,"12":0,"13":0,"14":0,"15":0,"16":0,"17":0,"18":0,"19":0,"20":0,"21":0,"22":0,"23":0,"24":0,"25":0,"26":0,"27":0,"28":0,"29":0,"30":0,"31":0,"32":0,"33":0,"34":0,"35":0,"36":0,"37":0,"38":0,"39":0,"40":0,"41":0,"42":0,"43":0,"44":0,"45":0,"46":0,"47":0,"48":0,"49":0,"50":0,"51":0,"52":0,"53":0,"54":0,"55":0,"56":0,"57":0,"58":0,"59":0,"60":0,"61":0,"62":0,"63":0,"64":0,"65":0,"66":0,"67":0,"68":0,"69":0,"70":0,"71":0,"72":0,"73":0,"74":0,"75":0,"76":0,"77":0,"78":0,"79":0},"b":{"1":[0,0],"2":[0,0],"3":[0,0],"4":[0,0],"5":[0,0],"6":[0,0],"7":[0,0],"8":[0,0],"9":[0,0],"10":[0,0],"11":[0,0]},"f":{"1":2,"2":0,"3":0,"4":0,"5":0,"6":0,"7":0,"8":0,"9":0,"10":0,"11":0},"fnMap":{"1":{"name":"(anonymous_1)","line":2,"loc":{"start":{"line":2,"column":1},"end":{"line":2,"column":12}}},"2":{"name":"(anonymous_2)","line":26,"loc":{"start":{"line":26,"column":19},"end":{"line":26,"column":34}}},"3":{"name":"(anonymous_3)","line":30,"loc":{"start":{"line":30,"column":22},"end":{"line":30,"column":36}}},"4":{"name":"(anonymous_4)","line":39,"loc":{"start":{"line":39,"column":18},"end":{"line":39,"column":34}}},"5":{"name":"(anonymous_5)","line":73,"loc":{"start":{"line":73,"column":20},"end":{"line":73,"column":40}}},"6":{"name":"(anonymous_6)","line":79,"loc":{"start":{"line":79,"column":21},"end":{"line":79,"column":41}}},"7":{"name":"(anonymous_7)","line":88,"loc":{"start":{"line":88,"column":21},"end":{"line":88,"column":40}}},"8":{"name":"(anonymous_8)","line":97,"loc":{"start":{"line":97,"column":20},"end":{"line":97,"column":39}}},"9":{"name":"(anonymous_9)","line":108,"loc":{"start":{"line":108,"column":20},"end":{"line":108,"column":33}}},"10":{"name":"(anonymous_10)","line":120,"loc":{"start":{"line":120,"column":20},"end":{"line":120,"column":35}}},"11":{"name":"(anonymous_11)","line":133,"loc":{"start":{"line":133,"column":24},"end":{"line":133,"column":40}}}},"statementMap":{"1":{"start":{"line":2,"column":0},"end":{"line":183,"column":5}},"2":{"start":{"line":8,"column":2},"end":{"line":8,"column":40}},"3":{"start":{"line":9,"column":2},"end":{"line":9,"column":57}},"4":{"start":{"line":10,"column":2},"end":{"line":10,"column":43}},"5":{"start":{"line":11,"column":2},"end":{"line":11,"column":45}},"6":{"start":{"line":12,"column":2},"end":{"line":12,"column":46}},"7":{"start":{"line":13,"column":2},"end":{"line":13,"column":36}},"8":{"start":{"line":16,"column":2},"end":{"line":16,"column":24}},"9":{"start":{"line":18,"column":2},"end":{"line":18,"column":24}},"10":{"start":{"line":26,"column":2},"end":{"line":36,"column":4}},"11":{"start":{"line":27,"column":4},"end":{"line":27,"column":21}},"12":{"start":{"line":29,"column":4},"end":{"line":33,"column":5}},"13":{"start":{"line":30,"column":6},"end":{"line":32,"column":9}},"14":{"start":{"line":31,"column":8},"end":{"line":31,"column":39}},"15":{"start":{"line":35,"column":4},"end":{"line":35,"column":19}},"16":{"start":{"line":39,"column":2},"end":{"line":62,"column":4}},"17":{"start":{"line":40,"column":4},"end":{"line":40,"column":37}},"18":{"start":{"line":44,"column":4},"end":{"line":44,"column":28}},"19":{"start":{"line":45,"column":4},"end":{"line":45,"column":28}},"20":{"start":{"line":46,"column":4},"end":{"line":46,"column":28}},"21":{"start":{"line":49,"column":4},"end":{"line":55,"column":5}},"22":{"start":{"line":50,"column":6},"end":{"line":50,"column":68}},"23":{"start":{"line":52,"column":6},"end":{"line":52,"column":43}},"24":{"start":{"line":53,"column":6},"end":{"line":53,"column":84}},"25":{"start":{"line":54,"column":6},"end":{"line":54,"column":41}},"26":{"start":{"line":57,"column":4},"end":{"line":57,"column":27}},"27":{"start":{"line":59,"column":4},"end":{"line":59,"column":31}},"28":{"start":{"line":61,"column":4},"end":{"line":61,"column":41}},"29":{"start":{"line":73,"column":2},"end":{"line":182,"column":4}},"30":{"start":{"line":74,"column":4},"end":{"line":74,"column":39}},"31":{"start":{"line":76,"column":4},"end":{"line":76,"column":62}},"32":{"start":{"line":79,"column":4},"end":{"line":83,"column":7}},"33":{"start":{"line":80,"column":6},"end":{"line":82,"column":7}},"34":{"start":{"line":81,"column":8},"end":{"line":81,"column":29}},"35":{"start":{"line":86,"column":4},"end":{"line":86,"column":59}},"36":{"start":{"line":88,"column":4},"end":{"line":92,"column":7}},"37":{"start":{"line":89,"column":6},"end":{"line":91,"column":7}},"38":{"start":{"line":90,"column":8},"end":{"line":90,"column":28}},"39":{"start":{"line":95,"column":4},"end":{"line":95,"column":60}},"40":{"start":{"line":97,"column":4},"end":{"line":101,"column":7}},"41":{"start":{"line":98,"column":6},"end":{"line":100,"column":7}},"42":{"start":{"line":99,"column":8},"end":{"line":99,"column":28}},"43":{"start":{"line":106,"column":4},"end":{"line":106,"column":59}},"44":{"start":{"line":108,"column":4},"end":{"line":111,"column":7}},"45":{"start":{"line":109,"column":6},"end":{"line":109,"column":24}},"46":{"start":{"line":110,"column":6},"end":{"line":110,"column":20}},"47":{"start":{"line":113,"column":4},"end":{"line":113,"column":63}},"48":{"start":{"line":114,"column":4},"end":{"line":114,"column":60}},"49":{"start":{"line":117,"column":4},"end":{"line":117,"column":47}},"50":{"start":{"line":120,"column":4},"end":{"line":167,"column":7}},"51":{"start":{"line":121,"column":6},"end":{"line":124,"column":7}},"52":{"start":{"line":123,"column":8},"end":{"line":123,"column":15}},"53":{"start":{"line":126,"column":6},"end":{"line":126,"column":30}},"54":{"start":{"line":133,"column":6},"end":{"line":156,"column":9}},"55":{"start":{"line":134,"column":8},"end":{"line":134,"column":55}},"56":{"start":{"line":136,"column":8},"end":{"line":136,"column":46}},"57":{"start":{"line":138,"column":8},"end":{"line":143,"column":9}},"58":{"start":{"line":140,"column":10},"end":{"line":140,"column":37}},"59":{"start":{"line":142,"column":10},"end":{"line":142,"column":17}},"60":{"start":{"line":145,"column":8},"end":{"line":149,"column":9}},"61":{"start":{"line":146,"column":10},"end":{"line":146,"column":51}},"62":{"start":{"line":148,"column":10},"end":{"line":148,"column":36}},"63":{"start":{"line":151,"column":8},"end":{"line":155,"column":9}},"64":{"start":{"line":152,"column":10},"end":{"line":152,"column":41}},"65":{"start":{"line":154,"column":10},"end":{"line":154,"column":39}},"66":{"start":{"line":158,"column":6},"end":{"line":158,"column":35}},"67":{"start":{"line":160,"column":6},"end":{"line":164,"column":7}},"68":{"start":{"line":163,"column":8},"end":{"line":163,"column":28}},"69":{"start":{"line":166,"column":6},"end":{"line":166,"column":22}},"70":{"start":{"line":170,"column":4},"end":{"line":170,"column":54}},"71":{"start":{"line":171,"column":4},"end":{"line":171,"column":52}},"72":{"start":{"line":172,"column":4},"end":{"line":172,"column":127}},"73":{"start":{"line":173,"column":4},"end":{"line":173,"column":79}},"74":{"start":{"line":174,"column":4},"end":{"line":174,"column":49}},"75":{"start":{"line":177,"column":4},"end":{"line":177,"column":50}},"76":{"start":{"line":178,"column":4},"end":{"line":178,"column":49}},"77":{"start":{"line":179,"column":4},"end":{"line":179,"column":127}},"78":{"start":{"line":180,"column":4},"end":{"line":180,"column":79}},"79":{"start":{"line":181,"column":4},"end":{"line":181,"column":49}}},"branchMap":{"1":{"line":29,"type":"if","locations":[{"start":{"line":29,"column":4},"end":{"line":29,"column":4}},{"start":{"line":29,"column":4},"end":{"line":29,"column":4}}]},"2":{"line":49,"type":"if","locations":[{"start":{"line":49,"column":4},"end":{"line":49,"column":4}},{"start":{"line":49,"column":4},"end":{"line":49,"column":4}}]},"3":{"line":49,"type":"binary-expr","locations":[{"start":{"line":49,"column":8},"end":{"line":49,"column":18}},{"start":{"line":49,"column":22},"end":{"line":49,"column":37}}]},"4":{"line":80,"type":"if","locations":[{"start":{"line":80,"column":6},"end":{"line":80,"column":6}},{"start":{"line":80,"column":6},"end":{"line":80,"column":6}}]},"5":{"line":89,"type":"if","locations":[{"start":{"line":89,"column":6},"end":{"line":89,"column":6}},{"start":{"line":89,"column":6},"end":{"line":89,"column":6}}]},"6":{"line":98,"type":"if","locations":[{"start":{"line":98,"column":6},"end":{"line":98,"column":6}},{"start":{"line":98,"column":6},"end":{"line":98,"column":6}}]},"7":{"line":121,"type":"if","locations":[{"start":{"line":121,"column":6},"end":{"line":121,"column":6}},{"start":{"line":121,"column":6},"end":{"line":121,"column":6}}]},"8":{"line":138,"type":"if","locations":[{"start":{"line":138,"column":8},"end":{"line":138,"column":8}},{"start":{"line":138,"column":8},"end":{"line":138,"column":8}}]},"9":{"line":145,"type":"if","locations":[{"start":{"line":145,"column":8},"end":{"line":145,"column":8}},{"start":{"line":145,"column":8},"end":{"line":145,"column":8}}]},"10":{"line":151,"type":"if","locations":[{"start":{"line":151,"column":8},"end":{"line":151,"column":8}},{"start":{"line":151,"column":8},"end":{"line":151,"column":8}}]},"11":{"line":160,"type":"if","locations":[{"start":{"line":160,"column":6},"end":{"line":160,"column":6}},{"start":{"line":160,"column":6},"end":{"line":160,"column":6}}]}},"code":["/*global require: true */","(function() {","  \"use strict\";","","  // This file receives data from JSDoc via the `publish` exported function,","  // and converts it into JSON that is written to a file.","","  const fs        = require(\"jsdoc/fs\");","  const helper    = require(\"jsdoc/util/templateHelper\");","  const each      = require(\"lodash/each\");","  const extend    = require(\"lodash/extend\");","  const stringify = require(\"canonical-json\");","  const path      = require(\"path\");","","  // This is the big map of name -> data that we'll write to a file.","  var dataContents = {};","  // List of just the names, which we'll also write to a file.","  var names        = [];","","  /**","   * Get a tag dictionary from the tags field on the object, for custom fields","   * like package","   * @param  {JSDocData} data The thing you get in the TaffyDB from JSDoc","   * @return {Object}      Keys are the parameter names, values are the values.","   */","  var getTagDict = function(data) {","    var tagDict = {};","","    if (data.tags) {","      each(data.tags, function(tag) {","        tagDict[tag.title] = tag.value;","      });","    }","","    return tagDict;","  };","","  // Fix up a JSDoc entry and add it to `dataContents`.","  var addToData = function(entry) {","    extend(entry, getTagDict(entry));","","    // strip properties we don't want","    // entry.comment = undefined;","    entry.___id = undefined;","    entry.___s  = undefined;","    entry.tags  = undefined;","","    // generate `.filepath` and `.lineno` from `.meta`","    if (entry.meta && entry.meta.path) {","      var currentDir = entry.meta.path.replace(process.env.PWD, \"\");","","      entry.filename = entry.meta.filename;","      entry.filepath = process.env.PROJECT_REPO + currentDir + \"/\" + entry.filename;","      entry.lineno   = entry.meta.lineno;","    }","","    entry.meta = undefined;","","    names.push(entry.longname);","","    dataContents[entry.longname] = entry;","  };","","  /**","    Entry point where JSDoc calls us.  It passes us data in the form of","    a TaffyDB object (which is an in-JS database of sorts that you can","    query for records.","","    @param {TAFFY} taffyData See <http://taffydb.com/>.","    @param {object} opts","    @param {Tutorial} tutorials","   */","  exports.publish = function(taffyData) {","    var data = helper.prune(taffyData);","","    var namespaces = helper.find(data, { kind: \"namespace\" });","","    // prepare all of the namespaces","    each(namespaces, function(namespace) {","      if (namespace.summary) {","        addToData(namespace);","      }","    });","","    // prepare all of the members","    var properties = helper.find(data, { kind: \"member\" });","","    each(properties, function(property) {","      if (property.summary) {","        addToData(property);","      }","    });","","    // prepare all of the constants","    var constants = helper.find(data, { kind: \"constant\" });","","    each(constants, function(constant) {","      if (constant.summary) {","        addToData(constant);","      }","    });","","    // Callback descriptions are going to be embeded into Function descriptions","    // when they are used as arguments, so we always attach them to reference","    // them later.","    var callbacks = helper.find(data, { kind: \"typedef\" });","","    each(callbacks, function(cb) {","      delete cb.comment;","      addToData(cb);","    });","","    var functions    = helper.find(data, { kind: \"function\" });","    var constructors = helper.find(data, { kind: \"class\" });","","    // we want to do all of the same transformations to classes and functions","    functions = functions.concat(constructors);","","    // insert all of the function data into the namespaces","    each(functions, function(func) {","      if (! func.summary) {","        // we use the @summary tag to indicate that an item is documented","        return;","      }","","      var filteredParams = [];","","      // Starting a param with `xyz.` makes it a special argument, not a","      // param.  Dot (`.`) in this case binds tighter than comma, so","      // `xyz.foo,bar` will create a special argument named `foo, bar`","      // (representing two arguments in the docs).  We process pipes so","      // that `xyz.foo|bar` also results in `foo, bar`.","      each(func.params, function(param) {","        param.name = param.name.replace(/,|\\|/g, \", \");","","        var splitName = param.name.split(\".\");","","        if (splitName.length < 2) {","          // not an option","          filteredParams.push(param);","","          return;","        }","","        if (splitName.length > 2) {","          param.name = _.rest(splitName).join(\".\");","        } else {","          param.name = splitName[1];","        }","","        if (typeof func[splitName[0]] === 'object') {","          func[splitName[0]].push(param);","        } else {","          func[splitName[0]] = [param];","        }","      });","","      func.params = filteredParams;","","      if (typeof func.comment === 'string') {","        // the entire unparsed doc comment.  takes up too much room in the","        // data file.","        delete func.comment;","      }","","      addToData(func);","    });","","    // write full docs JSON","    var jsonString = stringify(dataContents, null, 2);","    var jsString = \"DocsData = \" + jsonString + \";\";","    jsString = \"// This file is automatically generated by meteor-jsdoc. Regenerate it with 'meteor-jsdoc build'\\n\" + jsString;","    var docsDataFilename = process.env.DOCS_PATH + \"/client/data/docs-data.js\";","    fs.writeFileSync(docsDataFilename, jsString);","","    // write name tree JSON","    jsonString = stringify(names.sort(), null, 2);","    jsString = \"DocsNames = \" + jsonString + \";\";","    jsString = \"// This file is automatically generated by meteor-jsdoc. Regenerate it with 'meteor-jsdoc build'\\n\" + jsString;","    var nameTreeFilename= process.env.DOCS_PATH + \"/client/data/docs-names.js\";","    fs.writeFileSync(nameTreeFilename, jsString);","  };","})();",""],"l":{"2":2,"8":2,"9":0,"10":0,"11":0,"12":0,"13":0,"16":0,"18":0,"26":0,"27":0,"29":0,"30":0,"31":0,"35":0,"39":0,"40":0,"44":0,"45":0,"46":0,"49":0,"50":0,"52":0,"53":0,"54":0,"57":0,"59":0,"61":0,"73":0,"74":0,"76":0,"79":0,"80":0,"81":0,"86":0,"88":0,"89":0,"90":0,"95":0,"97":0,"98":0,"99":0,"106":0,"108":0,"109":0,"110":0,"113":0,"114":0,"117":0,"120":0,"121":0,"123":0,"126":0,"133":0,"134":0,"136":0,"138":0,"140":0,"142":0,"145":0,"146":0,"148":0,"151":0,"152":0,"154":0,"158":0,"160":0,"163":0,"166":0,"170":0,"171":0,"172":0,"173":0,"174":0,"177":0,"178":0,"179":0,"180":0,"181":0}}}